<?xml version="1.0" encoding="UTF-8" ?>
<testsuite tests="37" failures="0" name="gov.nih.nci.TestSuiteB2" time="9,524.286" errors="0" skipped="0">
  <properties>
    <property name="java.runtime.name" value="Java(TM) SE Runtime Environment"/>
    <property name="sun.boot.library.path" value="/usr/local/jdk1.8/jre/lib/amd64"/>
    <property name="java.vm.version" value="25.331-b31"/>
    <property name="java.vm.vendor" value="Oracle Corporation"/>
    <property name="maven.multiModuleProjectDirectory" value="/local/content/jenkins/slave1/workspace/_default/_lower/cananolab/CaNanoLabAutoTests_Test_Suite_B_2_QA"/>
    <property name="java.vendor.url" value="http://java.oracle.com/"/>
    <property name="path.separator" value=":"/>
    <property name="guice.disable.misplaced.annotation.check" value="true"/>
    <property name="java.vm.name" value="Java HotSpot(TM) 64-Bit Server VM"/>
    <property name="file.encoding.pkg" value="sun.io"/>
    <property name="user.country" value="US"/>
    <property name="sun.java.launcher" value="SUN_STANDARD"/>
    <property name="sun.os.patch.level" value="unknown"/>
    <property name="java.vm.specification.name" value="Java Virtual Machine Specification"/>
    <property name="user.dir" value="/local/content/jenkins/slave1/workspace/_default/_lower/cananolab/CaNanoLabAutoTests_Test_Suite_B_2_QA"/>
    <property name="java.runtime.version" value="1.8.0_331-b31"/>
    <property name="java.awt.graphicsenv" value="sun.awt.X11GraphicsEnvironment"/>
    <property name="java.endorsed.dirs" value="/usr/local/jdk1.8/jre/lib/endorsed"/>
    <property name="os.arch" value="amd64"/>
    <property name="java.io.tmpdir" value="/tmp"/>
    <property name="line.separator" value="
"/>
    <property name="java.vm.specification.vendor" value="Oracle Corporation"/>
    <property name="os.name" value="Linux"/>
    <property name="classworlds.conf" value="/usr/local/maven/bin/m2.conf"/>
    <property name="sun.jnu.encoding" value="UTF-8"/>
    <property name="java.library.path" value="/usr/java/packages/lib/amd64:/usr/lib64:/lib64:/lib:/usr/lib"/>
    <property name="java.specification.name" value="Java Platform API Specification"/>
    <property name="java.class.version" value="52.0"/>
    <property name="sun.management.compiler" value="HotSpot 64-Bit Tiered Compilers"/>
    <property name="os.version" value="3.10.0-1160.66.1.el7.x86_64"/>
    <property name="user.home" value="/local/home/slave1"/>
    <property name="user.timezone" value="America/New_York"/>
    <property name="java.awt.printerjob" value="sun.print.PSPrinterJob"/>
    <property name="file.encoding" value="UTF-8"/>
    <property name="java.specification.version" value="1.8"/>
    <property name="user.name" value="slave1"/>
    <property name="java.class.path" value="/usr/local/maven/boot/plexus-classworlds-2.5.2.jar"/>
    <property name="java.vm.specification.version" value="1.8"/>
    <property name="sun.arch.data.model" value="64"/>
    <property name="java.home" value="/usr/local/jdk1.8/jre"/>
    <property name="sun.java.command" value="org.codehaus.plexus.classworlds.launcher.Launcher test"/>
    <property name="java.specification.vendor" value="Oracle Corporation"/>
    <property name="user.language" value="en"/>
    <property name="awt.toolkit" value="sun.awt.X11.XToolkit"/>
    <property name="java.vm.info" value="mixed mode"/>
    <property name="java.version" value="1.8.0_331"/>
    <property name="java.ext.dirs" value="/usr/local/jdk1.8/jre/lib/ext:/usr/java/packages/lib/ext"/>
    <property name="securerandom.source" value="file:/dev/./urandom"/>
    <property name="sun.boot.class.path" value="/usr/local/jdk1.8/jre/lib/resources.jar:/usr/local/jdk1.8/jre/lib/rt.jar:/usr/local/jdk1.8/jre/lib/sunrsasign.jar:/usr/local/jdk1.8/jre/lib/jsse.jar:/usr/local/jdk1.8/jre/lib/jce.jar:/usr/local/jdk1.8/jre/lib/charsets.jar:/usr/local/jdk1.8/jre/lib/jfr.jar:/usr/local/jdk1.8/jre/classes"/>
    <property name="java.vendor" value="Oracle Corporation"/>
    <property name="maven.home" value="/usr/local/maven"/>
    <property name="file.separator" value="/"/>
    <property name="java.vendor.url.bug" value="http://bugreport.sun.com/bugreport/"/>
    <property name="sun.cpu.endian" value="little"/>
    <property name="sun.io.unicode.encoding" value="UnicodeLittle"/>
    <property name="sun.cpu.isalist" value=""/>
  </properties>
  <testcase classname="gov.nih.nci.TestSuiteB2" name="Test15VerifyPublicationContainsSearchbyPublicationTitle" time="318.2"/>
  <testcase classname="gov.nih.nci.TestSuiteB2" name="Test33verifyPublicationSearchByFunction_2" time="320.662"/>
  <testcase classname="gov.nih.nci.TestSuiteB2" name="Test14verifyPublicationSearchByDigitalObjectID" time="318.612"/>
  <testcase classname="gov.nih.nci.TestSuiteB2" name="Test4verifyTheAbilityToResetSampleSearchCriteria" time="19.253"/>
  <testcase classname="gov.nih.nci.TestSuiteB2" name="Test21verifyPublicationSearchByCompositionNanomaterialEntity_2" time="317.593"/>
  <testcase classname="gov.nih.nci.TestSuiteB2" name="Test13verifyPublicationSearchByPubMedID" time="318.245"/>
  <testcase classname="gov.nih.nci.TestSuiteB2" name="Test6verifyThatDataAvailabilityChartOfPublicallyAvailableSampleCanBeViewed" time="72.528"/>
  <testcase classname="gov.nih.nci.TestSuiteB2" name="Test24verifyPublicationSearchByCompositionFunctionalizingEntity_1" time="318.148"/>
  <testcase classname="gov.nih.nci.TestSuiteB2" name="Test22verifyPublicationSearchByCompositionNanomaterialEntity_3" time="318.039"/>
  <testcase classname="gov.nih.nci.TestSuiteB2" name="Test25verifyPublicationSearchByCompositionFunctionalizingEntity_2" time="318.719"/>
  <testcase classname="gov.nih.nci.TestSuiteB2" name="Test11verifyPublicationSearchByPublicationType" time="318.284"/>
  <testcase classname="gov.nih.nci.TestSuiteB2" name="Test10verifyPublicationSearchByKeyword" time="318.382"/>
  <testcase classname="gov.nih.nci.TestSuiteB2" name="Test26verifyPublicationSearchByCompositionFunctionalizingEntity_3" time="318.945"/>
  <testcase classname="gov.nih.nci.TestSuiteB2" name="Test8verifySampleSearchByPublicationPubMedID" time="131.279"/>
  <testcase classname="gov.nih.nci.TestSuiteB2" name="Test27verifyPublicationSearchByCompositionFunctionalizingEntity_4" time="318.484"/>
  <testcase classname="gov.nih.nci.TestSuiteB2" name="Test1SamplesSearchByCharacterization" time="11.231"/>
  <testcase classname="gov.nih.nci.TestSuiteB2" name="Test28verifyPublicationSearchByCompositionFunctionalizingEntity_5" time="318.52"/>
  <testcase classname="gov.nih.nci.TestSuiteB2" name="Test29verifyPublicationSearchByCompositionFunctionalizingEntity_6" time="319.154"/>
  <testcase classname="gov.nih.nci.TestSuiteB2" name="Test9verifySampleSearchByPublicationDOI" time="131.096"/>
  <testcase classname="gov.nih.nci.TestSuiteB2" name="Test36verifyPublicationSearchByFunction_5" time="321.515"/>
  <testcase classname="gov.nih.nci.TestSuiteB2" name="Test23verifyPublicationSearchByCompositionNanomaterialEntity_4" time="318.515"/>
  <testcase classname="gov.nih.nci.TestSuiteB2" name="Test3SamplesSearchBySampleNameAndPOC" time="68.578"/>
  <testcase classname="gov.nih.nci.TestSuiteB2" name="Test34verifyPublicationSearchByFunction_3" time="321.696"/>
  <testcase classname="gov.nih.nci.TestSuiteB2" name="Test16VerifyPublicationEqualsSearchByPublicationTitle" time="318.531"/>
  <testcase classname="gov.nih.nci.TestSuiteB2" name="Test32verifyPublicationSearchByFunction_1" time="321.285"/>
  <testcase classname="gov.nih.nci.TestSuiteB2" name="Test5verifyThatPublicallyAvailableSampleDetailsSummaryCanBeViewed" time="68.409"/>
  <testcase classname="gov.nih.nci.TestSuiteB2" name="Test18verifyPublicationSearchBySampleNameContains" time="318.94"/>
  <testcase classname="gov.nih.nci.TestSuiteB2" name="Test7verifyClickingOnPublicResultsLinkAgainstSampleSearchesFromHomePageReturnsAllPublicallyAvailableSamples" time="64.768"/>
  <testcase classname="gov.nih.nci.TestSuiteB2" name="Test19verifyPublicationSearchBySampleNameEquals" time="318.829"/>
  <testcase classname="gov.nih.nci.TestSuiteB2" name="Test17VerifyPublicationSearchByAuthors" time="318.961"/>
  <testcase classname="gov.nih.nci.TestSuiteB2" name="Test2verifyThatSearchingForNonPublicSampleResultsInNoSearchResultsForPublicUsers" time="11.153"/>
  <testcase classname="gov.nih.nci.TestSuiteB2" name="Test12verifyPublicationSearchByResearchCategory" time="318.086"/>
  <testcase classname="gov.nih.nci.TestSuiteB2" name="Test37verifyPublicationSearchByFunction_6" time="333.946"/>
  <testcase classname="gov.nih.nci.TestSuiteB2" name="Test30verifyPublicationSearchByCompositionFunctionalizingEntity_7" time="317.97"/>
  <testcase classname="gov.nih.nci.TestSuiteB2" name="Test31verifyPublicationSearchByCompositionFunctionalizingEntity_8" time="318.342"/>
  <testcase classname="gov.nih.nci.TestSuiteB2" name="Test35verifyPublicationSearchByFunction_4" time="320.867"/>
  <testcase classname="gov.nih.nci.TestSuiteB2" name="Test20verifyPublicationSearchByCompositionNanomaterialEntity_1" time="318.521"/>
</testsuite>