<?xml version="1.0" encoding="UTF-8" ?>
<testsuite tests="30" failures="0" name="gov.nih.nci.TestSuiteProtocols" time="502.981" errors="0" skipped="0">
  <properties>
    <property name="java.runtime.name" value="Java(TM) SE Runtime Environment"/>
    <property name="sun.boot.library.path" value="/usr/local/jdk1.8/jre/lib/amd64"/>
    <property name="java.vm.version" value="25.331-b31"/>
    <property name="java.vm.vendor" value="Oracle Corporation"/>
    <property name="maven.multiModuleProjectDirectory" value="/local/content/jenkins/slave1/workspace/_default/_lower/cananolab/CaNanoLabAutoTests_Protocols_1_QA"/>
    <property name="java.vendor.url" value="http://java.oracle.com/"/>
    <property name="path.separator" value=":"/>
    <property name="guice.disable.misplaced.annotation.check" value="true"/>
    <property name="java.vm.name" value="Java HotSpot(TM) 64-Bit Server VM"/>
    <property name="file.encoding.pkg" value="sun.io"/>
    <property name="user.country" value="US"/>
    <property name="sun.java.launcher" value="SUN_STANDARD"/>
    <property name="sun.os.patch.level" value="unknown"/>
    <property name="java.vm.specification.name" value="Java Virtual Machine Specification"/>
    <property name="user.dir" value="/local/content/jenkins/slave1/workspace/_default/_lower/cananolab/CaNanoLabAutoTests_Protocols_1_QA"/>
    <property name="java.runtime.version" value="1.8.0_331-b31"/>
    <property name="java.awt.graphicsenv" value="sun.awt.X11GraphicsEnvironment"/>
    <property name="java.endorsed.dirs" value="/usr/local/jdk1.8/jre/lib/endorsed"/>
    <property name="os.arch" value="amd64"/>
    <property name="java.io.tmpdir" value="/tmp"/>
    <property name="line.separator" value="
"/>
    <property name="java.vm.specification.vendor" value="Oracle Corporation"/>
    <property name="os.name" value="Linux"/>
    <property name="classworlds.conf" value="/usr/local/maven/bin/m2.conf"/>
    <property name="sun.jnu.encoding" value="UTF-8"/>
    <property name="java.library.path" value="/usr/java/packages/lib/amd64:/usr/lib64:/lib64:/lib:/usr/lib"/>
    <property name="java.specification.name" value="Java Platform API Specification"/>
    <property name="java.class.version" value="52.0"/>
    <property name="sun.management.compiler" value="HotSpot 64-Bit Tiered Compilers"/>
    <property name="os.version" value="3.10.0-1160.66.1.el7.x86_64"/>
    <property name="user.home" value="/local/home/slave1"/>
    <property name="user.timezone" value="America/New_York"/>
    <property name="java.awt.printerjob" value="sun.print.PSPrinterJob"/>
    <property name="file.encoding" value="UTF-8"/>
    <property name="java.specification.version" value="1.8"/>
    <property name="user.name" value="slave1"/>
    <property name="java.class.path" value="/usr/local/maven/boot/plexus-classworlds-2.5.2.jar"/>
    <property name="java.vm.specification.version" value="1.8"/>
    <property name="sun.arch.data.model" value="64"/>
    <property name="java.home" value="/usr/local/jdk1.8/jre"/>
    <property name="sun.java.command" value="org.codehaus.plexus.classworlds.launcher.Launcher test"/>
    <property name="java.specification.vendor" value="Oracle Corporation"/>
    <property name="user.language" value="en"/>
    <property name="awt.toolkit" value="sun.awt.X11.XToolkit"/>
    <property name="java.vm.info" value="mixed mode"/>
    <property name="java.version" value="1.8.0_331"/>
    <property name="java.ext.dirs" value="/usr/local/jdk1.8/jre/lib/ext:/usr/java/packages/lib/ext"/>
    <property name="securerandom.source" value="file:/dev/./urandom"/>
    <property name="sun.boot.class.path" value="/usr/local/jdk1.8/jre/lib/resources.jar:/usr/local/jdk1.8/jre/lib/rt.jar:/usr/local/jdk1.8/jre/lib/sunrsasign.jar:/usr/local/jdk1.8/jre/lib/jsse.jar:/usr/local/jdk1.8/jre/lib/jce.jar:/usr/local/jdk1.8/jre/lib/charsets.jar:/usr/local/jdk1.8/jre/lib/jfr.jar:/usr/local/jdk1.8/jre/classes"/>
    <property name="java.vendor" value="Oracle Corporation"/>
    <property name="maven.home" value="/usr/local/maven"/>
    <property name="file.separator" value="/"/>
    <property name="java.vendor.url.bug" value="http://bugreport.sun.com/bugreport/"/>
    <property name="sun.cpu.endian" value="little"/>
    <property name="sun.io.unicode.encoding" value="UnicodeLittle"/>
    <property name="sun.cpu.isalist" value=""/>
  </properties>
  <testcase classname="gov.nih.nci.TestSuiteProtocols" name="Test4invalidPasswordTest" time="3.993"/>
  <testcase classname="gov.nih.nci.TestSuiteProtocols" name="Test29SamplesSearchByNanomaterialEntity" time="7.162"/>
  <testcase classname="gov.nih.nci.TestSuiteProtocols" name="Test7verifyWhatsNewSectionContent_downloadLink" time="14.119"/>
  <testcase classname="gov.nih.nci.TestSuiteProtocols" name="Test9verifyHomePageWelcomeContent" time="5.636"/>
  <testcase classname="gov.nih.nci.TestSuiteProtocols" name="Test25loginSplashScreenTextVerification" time="2.993"/>
  <testcase classname="gov.nih.nci.TestSuiteProtocols" name="Test24verifyAdditionalExternalLinks_InterNano" time="3.069"/>
  <testcase classname="gov.nih.nci.TestSuiteProtocols" name="Test5caseInsensitivePasswordTest" time="3.082"/>
  <testcase classname="gov.nih.nci.TestSuiteProtocols" name="Test3invalidUserNameTest" time="2.922"/>
  <testcase classname="gov.nih.nci.TestSuiteProtocols" name="Test27SamplesContainsSearchBySampleName" time="6.982"/>
  <testcase classname="gov.nih.nci.TestSuiteProtocols" name="Test20verifyAdditionalNCILinks_NanoHubs" time="2.968"/>
  <testcase classname="gov.nih.nci.TestSuiteProtocols" name="Test26verifyUserSessionIsLostWhenBrowserWindowIsClosed" time="3.082"/>
  <testcase classname="gov.nih.nci.TestSuiteProtocols" name="Test2curatorLoginTest" time="3.069"/>
  <testcase classname="gov.nih.nci.TestSuiteProtocols" name="Test18verifyAdditionalNCILinks_NCIHome" time="16.424"/>
  <testcase classname="gov.nih.nci.TestSuiteProtocols" name="Test10verifyOptions_BrowsePublicallyAvailabledata" time="4.174"/>
  <testcase classname="gov.nih.nci.TestSuiteProtocols" name="Test8verifyWhatsNewSectionContent_releaseNotesLink" time="13.562"/>
  <testcase classname="gov.nih.nci.TestSuiteProtocols" name="Test21verifyAdditionalExternalLinks_Disclaimer" time="14.622"/>
  <testcase classname="gov.nih.nci.TestSuiteProtocols" name="Test23verifyAdditionalExternalLinks_NIOSHNIL" time="20.368"/>
  <testcase classname="gov.nih.nci.TestSuiteProtocols" name="Test31SamplesSearchByFunctiontypes" time="67.775"/>
  <testcase classname="gov.nih.nci.TestSuiteProtocols" name="Test32SamplesSearchByCharacterizationType" time="10.977"/>
  <testcase classname="gov.nih.nci.TestSuiteProtocols" name="Test30SamplesSearchByFunctionalizingEntity" time="11.197"/>
  <testcase classname="gov.nih.nci.TestSuiteProtocols" name="Test15verifyContextSensitiveHelpPage" time="23.781"/>
  <testcase classname="gov.nih.nci.TestSuiteProtocols" name="Test13verifyFeatureSectionContent" time="5.597"/>
  <testcase classname="gov.nih.nci.TestSuiteProtocols" name="Test16verifyAdditionalNCILinks_caNanoLabWiki" time="14.649"/>
  <testcase classname="gov.nih.nci.TestSuiteProtocols" name="Test19verifyAdditionalNCILinks_NanotechnologyWorkingGroup" time="15.821"/>
  <testcase classname="gov.nih.nci.TestSuiteProtocols" name="Test28SamplesContainsSearchBySamplePOC" time="7.12"/>
  <testcase classname="gov.nih.nci.TestSuiteProtocols" name="Test1researcherLoginTest" time="2.897"/>
  <testcase classname="gov.nih.nci.TestSuiteProtocols" name="Test17verifyAdditionalNCILinks_NCLHome" time="15.613"/>
  <testcase classname="gov.nih.nci.TestSuiteProtocols" name="Test11verifyOptions_LoginToSubmitData" time="5.501"/>
  <testcase classname="gov.nih.nci.TestSuiteProtocols" name="Test12verifyOptions_RegisterForLoginAccount" time="5.497"/>
  <testcase classname="gov.nih.nci.TestSuiteProtocols" name="Test6verifyBrowseCaNanoLabSectionContent" time="188.329"/>
</testsuite>