<?xml version="1.0" encoding="UTF-8" ?>
<testsuite tests="31" failures="0" name="gov.nih.nci.TestSuiteE" time="150.235" errors="0" skipped="0">
  <properties>
    <property name="java.runtime.name" value="Java(TM) SE Runtime Environment"/>
    <property name="sun.boot.library.path" value="/usr/local/jdk1.8/jre/lib/amd64"/>
    <property name="java.vm.version" value="25.331-b31"/>
    <property name="java.vm.vendor" value="Oracle Corporation"/>
    <property name="maven.multiModuleProjectDirectory" value="/local/content/jenkins/slave1/workspace/_default/_lower/cananolab/CaNanoLabAutoTests_Test_Suite_E_QA"/>
    <property name="java.vendor.url" value="http://java.oracle.com/"/>
    <property name="path.separator" value=":"/>
    <property name="guice.disable.misplaced.annotation.check" value="true"/>
    <property name="java.vm.name" value="Java HotSpot(TM) 64-Bit Server VM"/>
    <property name="file.encoding.pkg" value="sun.io"/>
    <property name="user.country" value="US"/>
    <property name="sun.java.launcher" value="SUN_STANDARD"/>
    <property name="sun.os.patch.level" value="unknown"/>
    <property name="java.vm.specification.name" value="Java Virtual Machine Specification"/>
    <property name="user.dir" value="/local/content/jenkins/slave1/workspace/_default/_lower/cananolab/CaNanoLabAutoTests_Test_Suite_E_QA"/>
    <property name="java.runtime.version" value="1.8.0_331-b31"/>
    <property name="java.awt.graphicsenv" value="sun.awt.X11GraphicsEnvironment"/>
    <property name="java.endorsed.dirs" value="/usr/local/jdk1.8/jre/lib/endorsed"/>
    <property name="os.arch" value="amd64"/>
    <property name="java.io.tmpdir" value="/tmp"/>
    <property name="line.separator" value="
"/>
    <property name="java.vm.specification.vendor" value="Oracle Corporation"/>
    <property name="os.name" value="Linux"/>
    <property name="classworlds.conf" value="/usr/local/maven/bin/m2.conf"/>
    <property name="sun.jnu.encoding" value="UTF-8"/>
    <property name="java.library.path" value="/usr/java/packages/lib/amd64:/usr/lib64:/lib64:/lib:/usr/lib"/>
    <property name="java.specification.name" value="Java Platform API Specification"/>
    <property name="java.class.version" value="52.0"/>
    <property name="sun.management.compiler" value="HotSpot 64-Bit Tiered Compilers"/>
    <property name="os.version" value="3.10.0-1160.62.1.el7.x86_64"/>
    <property name="user.home" value="/local/home/slave1"/>
    <property name="user.timezone" value="America/New_York"/>
    <property name="java.awt.printerjob" value="sun.print.PSPrinterJob"/>
    <property name="file.encoding" value="UTF-8"/>
    <property name="java.specification.version" value="1.8"/>
    <property name="user.name" value="slave1"/>
    <property name="java.class.path" value="/usr/local/maven/boot/plexus-classworlds-2.5.2.jar"/>
    <property name="java.vm.specification.version" value="1.8"/>
    <property name="sun.arch.data.model" value="64"/>
    <property name="java.home" value="/usr/local/jdk1.8/jre"/>
    <property name="sun.java.command" value="org.codehaus.plexus.classworlds.launcher.Launcher test"/>
    <property name="java.specification.vendor" value="Oracle Corporation"/>
    <property name="user.language" value="en"/>
    <property name="awt.toolkit" value="sun.awt.X11.XToolkit"/>
    <property name="java.vm.info" value="mixed mode"/>
    <property name="java.version" value="1.8.0_331"/>
    <property name="java.ext.dirs" value="/usr/local/jdk1.8/jre/lib/ext:/usr/java/packages/lib/ext"/>
    <property name="securerandom.source" value="file:/dev/./urandom"/>
    <property name="sun.boot.class.path" value="/usr/local/jdk1.8/jre/lib/resources.jar:/usr/local/jdk1.8/jre/lib/rt.jar:/usr/local/jdk1.8/jre/lib/sunrsasign.jar:/usr/local/jdk1.8/jre/lib/jsse.jar:/usr/local/jdk1.8/jre/lib/jce.jar:/usr/local/jdk1.8/jre/lib/charsets.jar:/usr/local/jdk1.8/jre/lib/jfr.jar:/usr/local/jdk1.8/jre/classes"/>
    <property name="java.vendor" value="Oracle Corporation"/>
    <property name="maven.home" value="/usr/local/maven"/>
    <property name="file.separator" value="/"/>
    <property name="java.vendor.url.bug" value="http://bugreport.sun.com/bugreport/"/>
    <property name="sun.cpu.endian" value="little"/>
    <property name="sun.io.unicode.encoding" value="UnicodeLittle"/>
    <property name="sun.cpu.isalist" value=""/>
  </properties>
  <testcase classname="gov.nih.nci.TestSuiteE" name="Test16EnsureResearcherUserAbleToAddASampleToTheFavoritesListAndRemoveTheAddedSampleFromMyFavoritesPage" time="6.691"/>
  <testcase classname="gov.nih.nci.TestSuiteE" name="Test12EnsureresearcherUserAbleToAddAPublicationToTheFavoritesListAndViewTheAddedPublicationFromMyFavoritesPage" time="4.923"/>
  <testcase classname="gov.nih.nci.TestSuiteE" name="Test11ensureresearcherUserAbleToAddAProtocolToTheFavoritesListAndViewTheAddedProtocolFromMyFavoritesPage" time="4.827"/>
  <testcase classname="gov.nih.nci.TestSuiteE" name="Test5ensureCuratorUserAbleToAddAProtocolToTheFavoritesListAndRemoveTheAddedProtocolFromMyFavoritesPage" time="4.934"/>
  <testcase classname="gov.nih.nci.TestSuiteE" name="Test8EnsureresearcherUserAbleToAddAProtocolToTheFavoritesList" time="4.026"/>
  <testcase classname="gov.nih.nci.TestSuiteE" name="Test28ensureResearcherUserAbleToSubmitACompositionFileToTheSample" time="5.422"/>
  <testcase classname="gov.nih.nci.TestSuiteE" name="Test6EnsureCuratorUserAbleToAddAPublicationToTheFavoritesListAndRemoveTheAddedPublicationFromMyFavoritesPage" time="4.879"/>
  <testcase classname="gov.nih.nci.TestSuiteE" name="Test4EnsureCuratorUserAbleToAddASampleToTheFavoritesListAndRemoveTheAddedSampleFromMyFavoritesPage" time="4.89"/>
  <testcase classname="gov.nih.nci.TestSuiteE" name="Test31EnsureUserShouldBeAbleToSubmitAPublicationAndAssociateACollaborationGroup" time="4.742"/>
  <testcase classname="gov.nih.nci.TestSuiteE" name="Test24EnsureResearcherUserAbleToSubmitASample" time="4.411"/>
  <testcase classname="gov.nih.nci.TestSuiteE" name="Test2ensureCuratorUserAbleToAddAProtocolToTheFavoritesListAndEditTheAddedProtocolFromMyFavoritesPage" time="4.923"/>
  <testcase classname="gov.nih.nci.TestSuiteE" name="Test19EnsureCuratorUserAbleToSubmitASample" time="5.085"/>
  <testcase classname="gov.nih.nci.TestSuiteE" name="Test14ensureResearcherUserAbleToAddAProtocolToTheFavoritesListAndEditTheAddedProtocolFromMyFavoritesPage" time="4.514"/>
  <testcase classname="gov.nih.nci.TestSuiteE" name="Test27ensureResearcherUserAbleToSubmitAChemicalAssociationToTheSample" time="4.656"/>
  <testcase classname="gov.nih.nci.TestSuiteE" name="Test32EnsureUserShouldBeAbleToSubmitASampleAndAssociateACollaborationGroup" time="4.741"/>
  <testcase classname="gov.nih.nci.TestSuiteE" name="Test7EnsureresearcherUserAbleToAddASampleToTheFavoritesList" time="5.326"/>
  <testcase classname="gov.nih.nci.TestSuiteE" name="Test22ensureCuratorUserAbleToSubmitAFunctionalizingEntityToTheSample" time="5.225"/>
  <testcase classname="gov.nih.nci.TestSuiteE" name="Test21ensureCuratorUserAbleToSubmitANanomaterialEntityToTheSample" time="5.057"/>
  <testcase classname="gov.nih.nci.TestSuiteE" name="Test13EnsureresearcherUserAbleToAddASampleToTheFavoritesListAndEditTheAddedSampleFromMyFavoritesPage" time="5.279"/>
  <testcase classname="gov.nih.nci.TestSuiteE" name="Test25ensureResearcherUserAbleToSubmitANanomaterialEntityToTheSample" time="4.641"/>
  <testcase classname="gov.nih.nci.TestSuiteE" name="Test29EnsureOnlyCuratorUserAbleToAddAGroupsToTheCollaborationGroups" time="4.479"/>
  <testcase classname="gov.nih.nci.TestSuiteE" name="Test30EnsureUserShouldBeAbleToSubmitAProtocolAndAssociateACollaborationGroup" time="4.89"/>
  <testcase classname="gov.nih.nci.TestSuiteE" name="Test17ensureResearcherUserAbleToAddAProtocolToTheFavoritesListAndRemoveTheAddedProtocolFromMyFavoritesPage" time="4.41"/>
  <testcase classname="gov.nih.nci.TestSuiteE" name="Test10EnsureresearcherUserAbleToAddASampleToTheFavoritesListAndViewTheAddedSampleFromMyFavoritesPage" time="4.882"/>
  <testcase classname="gov.nih.nci.TestSuiteE" name="Test3EnsureCuratorUserAbleToAddAPublicationToTheFavoritesListAndEditTheAddedPublicationFromMyFavoritesPage" time="5.243"/>
  <testcase classname="gov.nih.nci.TestSuiteE" name="Test9EnsureresearcherUserAbleToAddAPublicationToTheFavoritesList" time="4.593"/>
  <testcase classname="gov.nih.nci.TestSuiteE" name="Test1EnsureCuratorUserAbleToAddASampleToTheFavoritesListAndEditTheAddedSampleFromMyFavoritesPage" time="4.182"/>
  <testcase classname="gov.nih.nci.TestSuiteE" name="Test23ensureCuratorUserAbleToSubmitAChemicalAssociationToTheSample" time="4.104"/>
  <testcase classname="gov.nih.nci.TestSuiteE" name="Test26ensureResearcherUserAbleToSubmitAFunctionalizingEntityToTheSample" time="5.371"/>
  <testcase classname="gov.nih.nci.TestSuiteE" name="Test15EnsureresearcherUserAbleToAddAPublicationToTheFavoritesListAndEditTheAddedPublicationFromMyFavoritesPage" time="3.975"/>
  <testcase classname="gov.nih.nci.TestSuiteE" name="Test18EnsureResearcherUserAbleToAddAPublicationToTheFavoritesListAndRemoveTheAddedPublicationFromMyFavoritesPage" time="4.914"/>
</testsuite>