<?xml version="1.0" encoding="UTF-8" ?>
<testsuite tests="36" failures="0" name="gov.nih.nci.TestSuiteA" time="387.514" errors="0" skipped="0">
  <properties>
    <property name="java.runtime.name" value="Java(TM) SE Runtime Environment"/>
    <property name="sun.boot.library.path" value="/usr/local/jdk1.8/jre/lib/amd64"/>
    <property name="java.vm.version" value="25.331-b31"/>
    <property name="java.vm.vendor" value="Oracle Corporation"/>
    <property name="maven.multiModuleProjectDirectory" value="/local/content/jenkins/slave1/workspace/_default/_lower/cananolab/CaNanoLabAutoTests_Test_Suite_A_QA"/>
    <property name="java.vendor.url" value="http://java.oracle.com/"/>
    <property name="path.separator" value=":"/>
    <property name="guice.disable.misplaced.annotation.check" value="true"/>
    <property name="java.vm.name" value="Java HotSpot(TM) 64-Bit Server VM"/>
    <property name="file.encoding.pkg" value="sun.io"/>
    <property name="user.country" value="US"/>
    <property name="sun.java.launcher" value="SUN_STANDARD"/>
    <property name="sun.os.patch.level" value="unknown"/>
    <property name="java.vm.specification.name" value="Java Virtual Machine Specification"/>
    <property name="user.dir" value="/local/content/jenkins/slave1/workspace/_default/_lower/cananolab/CaNanoLabAutoTests_Test_Suite_A_QA"/>
    <property name="java.runtime.version" value="1.8.0_331-b31"/>
    <property name="java.awt.graphicsenv" value="sun.awt.X11GraphicsEnvironment"/>
    <property name="java.endorsed.dirs" value="/usr/local/jdk1.8/jre/lib/endorsed"/>
    <property name="os.arch" value="amd64"/>
    <property name="java.io.tmpdir" value="/tmp"/>
    <property name="line.separator" value="
"/>
    <property name="java.vm.specification.vendor" value="Oracle Corporation"/>
    <property name="os.name" value="Linux"/>
    <property name="classworlds.conf" value="/usr/local/maven/bin/m2.conf"/>
    <property name="sun.jnu.encoding" value="UTF-8"/>
    <property name="java.library.path" value="/usr/java/packages/lib/amd64:/usr/lib64:/lib64:/lib:/usr/lib"/>
    <property name="java.specification.name" value="Java Platform API Specification"/>
    <property name="java.class.version" value="52.0"/>
    <property name="sun.management.compiler" value="HotSpot 64-Bit Tiered Compilers"/>
    <property name="os.version" value="3.10.0-1160.66.1.el7.x86_64"/>
    <property name="user.home" value="/local/home/slave1"/>
    <property name="user.timezone" value="America/New_York"/>
    <property name="java.awt.printerjob" value="sun.print.PSPrinterJob"/>
    <property name="file.encoding" value="UTF-8"/>
    <property name="java.specification.version" value="1.8"/>
    <property name="user.name" value="slave1"/>
    <property name="java.class.path" value="/usr/local/maven/boot/plexus-classworlds-2.5.2.jar"/>
    <property name="java.vm.specification.version" value="1.8"/>
    <property name="sun.arch.data.model" value="64"/>
    <property name="java.home" value="/usr/local/jdk1.8/jre"/>
    <property name="sun.java.command" value="org.codehaus.plexus.classworlds.launcher.Launcher test"/>
    <property name="java.specification.vendor" value="Oracle Corporation"/>
    <property name="user.language" value="en"/>
    <property name="awt.toolkit" value="sun.awt.X11.XToolkit"/>
    <property name="java.vm.info" value="mixed mode"/>
    <property name="java.version" value="1.8.0_331"/>
    <property name="java.ext.dirs" value="/usr/local/jdk1.8/jre/lib/ext:/usr/java/packages/lib/ext"/>
    <property name="securerandom.source" value="file:/dev/./urandom"/>
    <property name="sun.boot.class.path" value="/usr/local/jdk1.8/jre/lib/resources.jar:/usr/local/jdk1.8/jre/lib/rt.jar:/usr/local/jdk1.8/jre/lib/sunrsasign.jar:/usr/local/jdk1.8/jre/lib/jsse.jar:/usr/local/jdk1.8/jre/lib/jce.jar:/usr/local/jdk1.8/jre/lib/charsets.jar:/usr/local/jdk1.8/jre/lib/jfr.jar:/usr/local/jdk1.8/jre/classes"/>
    <property name="java.vendor" value="Oracle Corporation"/>
    <property name="maven.home" value="/usr/local/maven"/>
    <property name="file.separator" value="/"/>
    <property name="java.vendor.url.bug" value="http://bugreport.sun.com/bugreport/"/>
    <property name="sun.cpu.endian" value="little"/>
    <property name="sun.io.unicode.encoding" value="UnicodeLittle"/>
    <property name="sun.cpu.isalist" value=""/>
  </properties>
  <testcase classname="gov.nih.nci.TestSuiteA" name="Test4invalidPasswordTest" time="4.231"/>
  <testcase classname="gov.nih.nci.TestSuiteA" name="Test19verifyContextSensitiveHelpPage" time="23.965"/>
  <testcase classname="gov.nih.nci.TestSuiteA" name="Test38AddSampleCharacterizationElement" time="4.888"/>
  <testcase classname="gov.nih.nci.TestSuiteA" name="Test7verifyWhatsNewSectionContent_downloadLink" time="16.55"/>
  <testcase classname="gov.nih.nci.TestSuiteA" name="Test39SamplesContainsSearchBySampleName" time="7.899"/>
  <testcase classname="gov.nih.nci.TestSuiteA" name="Test9verifyHomePageWelcomeContent" time="5.92"/>
  <testcase classname="gov.nih.nci.TestSuiteA" name="Test5caseInsensitivePasswordTest" time="3.337"/>
  <testcase classname="gov.nih.nci.TestSuiteA" name="Test3invalidUserNameTest" time="4.032"/>
  <testcase classname="gov.nih.nci.TestSuiteA" name="Test40SamplesEqualsSearchBySampleName" time="9.206"/>
  <testcase classname="gov.nih.nci.TestSuiteA" name="Test36verifyUserSessionIsLostWhenBrowserWindowIsClosed" time="4.055"/>
  <testcase classname="gov.nih.nci.TestSuiteA" name="Test21verifyAdditionalNCILinks_NCICBIITHome" time="3.932"/>
  <testcase classname="gov.nih.nci.TestSuiteA" name="Test26EditSampleComposition" time="2.959"/>
  <testcase classname="gov.nih.nci.TestSuiteA" name="Test33verifyAdditionalExternalLinks_SAFENANO" time="15.409"/>
  <testcase classname="gov.nih.nci.TestSuiteA" name="Test45SamplesSearchByFunctiontypes" time="69.957"/>
  <testcase classname="gov.nih.nci.TestSuiteA" name="Test20verifyAdditionalNCILinks_caNanoLabWiki" time="2.97"/>
  <testcase classname="gov.nih.nci.TestSuiteA" name="Test2curatorLoginTest" time="3.041"/>
  <testcase classname="gov.nih.nci.TestSuiteA" name="Test44SamplesSearchByFunctionalizingEntity" time="11.264"/>
  <testcase classname="gov.nih.nci.TestSuiteA" name="Test43SamplesSearchByNanomaterialEntity" time="7.02"/>
  <testcase classname="gov.nih.nci.TestSuiteA" name="Test10verifyOptions_BrowsePublicallyAvailabledata" time="4.039"/>
  <testcase classname="gov.nih.nci.TestSuiteA" name="Test37SamplesSearchByKeyword" time="9.225"/>
  <testcase classname="gov.nih.nci.TestSuiteA" name="Test28verifyAdditionalExternalLinks_Disclaimer" time="14.683"/>
  <testcase classname="gov.nih.nci.TestSuiteA" name="Test35loginSplashScreenTextVerification" time="3.001"/>
  <testcase classname="gov.nih.nci.TestSuiteA" name="Test46SamplesSearchByCharacterizationType" time="11.229"/>
  <testcase classname="gov.nih.nci.TestSuiteA" name="Test34verifyAdditionalExternalLinks_eNanoMapper" time="15.724"/>
  <testcase classname="gov.nih.nci.TestSuiteA" name="Test8verifyWhatsNewSectionContent_releaseNotesLink" time="13.693"/>
  <testcase classname="gov.nih.nci.TestSuiteA" name="Test25verifyAdditionalNCILinks_NanotechnologyWorkingGroup" time="15.692"/>
  <testcase classname="gov.nih.nci.TestSuiteA" name="Test30verifyAdditionalExternalLinks_NIOSHNIL" time="2.883"/>
  <testcase classname="gov.nih.nci.TestSuiteA" name="Test24verifyAdditionalNCILinks_NCIHome" time="16.861"/>
  <testcase classname="gov.nih.nci.TestSuiteA" name="Test31verifyAdditionalExternalLinks_InterNano" time="4.961"/>
  <testcase classname="gov.nih.nci.TestSuiteA" name="Test42SamplesEqualsSearchBySamplePOC" time="8.728"/>
  <testcase classname="gov.nih.nci.TestSuiteA" name="Test32verifyAdditionalExternalLinks_nanoHUB" time="2.891"/>
  <testcase classname="gov.nih.nci.TestSuiteA" name="Test41SamplesContainsSearchBySamplePOC" time="6.914"/>
  <testcase classname="gov.nih.nci.TestSuiteA" name="Test1researcherLoginTest" time="2.924"/>
  <testcase classname="gov.nih.nci.TestSuiteA" name="Test11verifyOptions_LoginToSubmitData" time="5.692"/>
  <testcase classname="gov.nih.nci.TestSuiteA" name="Test6verifyBrowseCaNanoLabSectionContent" time="44.86"/>
  <testcase classname="gov.nih.nci.TestSuiteA" name="Test27verifyAdditionalNCILinks_NanoHubs" time="2.879"/>
</testsuite>