<?xml version="1.0" encoding="UTF-8" ?>
<testsuite tests="32" failures="0" name="gov.nih.nci.TestSuiteGeneralTests" time="506.842" errors="0" skipped="0">
  <properties>
    <property name="java.runtime.name" value="Java(TM) SE Runtime Environment"/>
    <property name="sun.boot.library.path" value="/usr/local/jdk1.8/jre/lib/amd64"/>
    <property name="java.vm.version" value="25.331-b31"/>
    <property name="java.vm.vendor" value="Oracle Corporation"/>
    <property name="maven.multiModuleProjectDirectory" value="/local/content/jenkins/slave1/workspace/_default/_lower/cananolab/CaNanoLabAutoTests_General_Tests_QA"/>
    <property name="java.vendor.url" value="http://java.oracle.com/"/>
    <property name="path.separator" value=":"/>
    <property name="guice.disable.misplaced.annotation.check" value="true"/>
    <property name="java.vm.name" value="Java HotSpot(TM) 64-Bit Server VM"/>
    <property name="file.encoding.pkg" value="sun.io"/>
    <property name="user.country" value="US"/>
    <property name="sun.java.launcher" value="SUN_STANDARD"/>
    <property name="sun.os.patch.level" value="unknown"/>
    <property name="java.vm.specification.name" value="Java Virtual Machine Specification"/>
    <property name="user.dir" value="/local/content/jenkins/slave1/workspace/_default/_lower/cananolab/CaNanoLabAutoTests_General_Tests_QA"/>
    <property name="java.runtime.version" value="1.8.0_331-b31"/>
    <property name="java.awt.graphicsenv" value="sun.awt.X11GraphicsEnvironment"/>
    <property name="java.endorsed.dirs" value="/usr/local/jdk1.8/jre/lib/endorsed"/>
    <property name="os.arch" value="amd64"/>
    <property name="java.io.tmpdir" value="/tmp"/>
    <property name="line.separator" value="
"/>
    <property name="java.vm.specification.vendor" value="Oracle Corporation"/>
    <property name="os.name" value="Linux"/>
    <property name="classworlds.conf" value="/usr/local/maven/bin/m2.conf"/>
    <property name="sun.jnu.encoding" value="UTF-8"/>
    <property name="java.library.path" value="/usr/java/packages/lib/amd64:/usr/lib64:/lib64:/lib:/usr/lib"/>
    <property name="java.specification.name" value="Java Platform API Specification"/>
    <property name="java.class.version" value="52.0"/>
    <property name="sun.management.compiler" value="HotSpot 64-Bit Tiered Compilers"/>
    <property name="os.version" value="3.10.0-1160.66.1.el7.x86_64"/>
    <property name="user.home" value="/local/home/slave1"/>
    <property name="user.timezone" value="America/New_York"/>
    <property name="java.awt.printerjob" value="sun.print.PSPrinterJob"/>
    <property name="file.encoding" value="UTF-8"/>
    <property name="java.specification.version" value="1.8"/>
    <property name="user.name" value="slave1"/>
    <property name="java.class.path" value="/usr/local/maven/boot/plexus-classworlds-2.5.2.jar"/>
    <property name="java.vm.specification.version" value="1.8"/>
    <property name="sun.arch.data.model" value="64"/>
    <property name="java.home" value="/usr/local/jdk1.8/jre"/>
    <property name="sun.java.command" value="org.codehaus.plexus.classworlds.launcher.Launcher test"/>
    <property name="java.specification.vendor" value="Oracle Corporation"/>
    <property name="user.language" value="en"/>
    <property name="awt.toolkit" value="sun.awt.X11.XToolkit"/>
    <property name="java.vm.info" value="mixed mode"/>
    <property name="java.version" value="1.8.0_331"/>
    <property name="java.ext.dirs" value="/usr/local/jdk1.8/jre/lib/ext:/usr/java/packages/lib/ext"/>
    <property name="securerandom.source" value="file:/dev/./urandom"/>
    <property name="sun.boot.class.path" value="/usr/local/jdk1.8/jre/lib/resources.jar:/usr/local/jdk1.8/jre/lib/rt.jar:/usr/local/jdk1.8/jre/lib/sunrsasign.jar:/usr/local/jdk1.8/jre/lib/jsse.jar:/usr/local/jdk1.8/jre/lib/jce.jar:/usr/local/jdk1.8/jre/lib/charsets.jar:/usr/local/jdk1.8/jre/lib/jfr.jar:/usr/local/jdk1.8/jre/classes"/>
    <property name="java.vendor" value="Oracle Corporation"/>
    <property name="maven.home" value="/usr/local/maven"/>
    <property name="file.separator" value="/"/>
    <property name="java.vendor.url.bug" value="http://bugreport.sun.com/bugreport/"/>
    <property name="sun.cpu.endian" value="little"/>
    <property name="sun.io.unicode.encoding" value="UnicodeLittle"/>
    <property name="sun.cpu.isalist" value=""/>
  </properties>
  <testcase classname="gov.nih.nci.TestSuiteGeneralTests" name="Test4invalidPasswordTest" time="4.323"/>
  <testcase classname="gov.nih.nci.TestSuiteGeneralTests" name="Test23verifyAdditionalNCILinks_NanoHubs" time="3.002"/>
  <testcase classname="gov.nih.nci.TestSuiteGeneralTests" name="Test25verifyAdditionalExternalLinks_NBI" time="15.466"/>
  <testcase classname="gov.nih.nci.TestSuiteGeneralTests" name="Test26verifyAdditionalExternalLinks_NIOSHNIL" time="16.152"/>
  <testcase classname="gov.nih.nci.TestSuiteGeneralTests" name="Test22verifyAdditionalNCILinks_NanotechnologyWorkingGroup" time="15.959"/>
  <testcase classname="gov.nih.nci.TestSuiteGeneralTests" name="Test8verifyWhatsNewSectionContent_downloadLink" time="14.636"/>
  <testcase classname="gov.nih.nci.TestSuiteGeneralTests" name="Test21verifyAdditionalNCILinks_NCIHome" time="16.814"/>
  <testcase classname="gov.nih.nci.TestSuiteGeneralTests" name="Test5caseInsensitivePasswordTest" time="4.863"/>
  <testcase classname="gov.nih.nci.TestSuiteGeneralTests" name="Test27verifyAdditionalExternalLinks_InterNano" time="5.632"/>
  <testcase classname="gov.nih.nci.TestSuiteGeneralTests" name="Test3invalidUserNameTest" time="5.519"/>
  <testcase classname="gov.nih.nci.TestSuiteGeneralTests" name="Test18verifyAdditionalNCILinks_caNanoLabWiki" time="14.934"/>
  <testcase classname="gov.nih.nci.TestSuiteGeneralTests" name="Test24verifyAdditionalExternalLinks_Disclaimer" time="16.709"/>
  <testcase classname="gov.nih.nci.TestSuiteGeneralTests" name="Test9verifyWhatsNewSectionContent_releaseNotesLink" time="13.561"/>
  <testcase classname="gov.nih.nci.TestSuiteGeneralTests" name="Test2curatorLoginTest" time="2.965"/>
  <testcase classname="gov.nih.nci.TestSuiteGeneralTests" name="Test6researcherLoginTest" time="3.679"/>
  <testcase classname="gov.nih.nci.TestSuiteGeneralTests" name="Test20verifyAdditionalNCILinks_NCLCSNHome" time="16.713"/>
  <testcase classname="gov.nih.nci.TestSuiteGeneralTests" name="Test10verifyUserSessionIsLostWhenBrowserWindowIsClosed" time="3.683"/>
  <testcase classname="gov.nih.nci.TestSuiteGeneralTests" name="Test30verifyAdditionalExternalLinks_eNanoMapper" time="17.907"/>
  <testcase classname="gov.nih.nci.TestSuiteGeneralTests" name="Test29verifyAdditionalExternalLinks_8" time="4.715"/>
  <testcase classname="gov.nih.nci.TestSuiteGeneralTests" name="Test16verifyHelpPage" time="19.582"/>
  <testcase classname="gov.nih.nci.TestSuiteGeneralTests" name="Test15verifyFeatureSectionContent" time="6.573"/>
  <testcase classname="gov.nih.nci.TestSuiteGeneralTests" name="Test11verifyHomePageWelcomeContent" time="5.577"/>
  <testcase classname="gov.nih.nci.TestSuiteGeneralTests" name="Test1verifyBrowseCaNanoLabSectionContent" time="190.008"/>
  <testcase classname="gov.nih.nci.TestSuiteGeneralTests" name="Test7verifycaNanoLabHowToSectionContent" time="5.509"/>
  <testcase classname="gov.nih.nci.TestSuiteGeneralTests" name="Test14verifyOptions_RegisterForLoginAccount" time="5.66"/>
  <testcase classname="gov.nih.nci.TestSuiteGeneralTests" name="Test31verifyAdditionalExternalLinks_NanomaterialRegsitry" time="3.476"/>
  <testcase classname="gov.nih.nci.TestSuiteGeneralTests" name="Test32loginSplashScreenTextVerification" time="4.266"/>
  <testcase classname="gov.nih.nci.TestSuiteGeneralTests" name="Test17verifyContextSensitiveHelpPage" time="26.51"/>
  <testcase classname="gov.nih.nci.TestSuiteGeneralTests" name="Test19verifyAdditionalNCILinks_NCLHome" time="17.83"/>
  <testcase classname="gov.nih.nci.TestSuiteGeneralTests" name="Test28verifyAdditionalExternalLinks_SAFENANO" time="15.011"/>
  <testcase classname="gov.nih.nci.TestSuiteGeneralTests" name="Test13verifyOptions_LoginToSubmitData" time="5.451"/>
  <testcase classname="gov.nih.nci.TestSuiteGeneralTests" name="Test12verifyOptions_BrowsePublicallyAvailabledata" time="4.157"/>
</testsuite>