<?xml version="1.0" encoding="UTF-8" ?>
<testsuite tests="51" failures="0" name="gov.nih.nci.TestSuiteC" time="212.464" errors="0" skipped="0">
  <properties>
    <property name="java.runtime.name" value="Java(TM) SE Runtime Environment"/>
    <property name="sun.boot.library.path" value="/usr/local/jdk1.8/jre/lib/amd64"/>
    <property name="java.vm.version" value="25.331-b31"/>
    <property name="java.vm.vendor" value="Oracle Corporation"/>
    <property name="maven.multiModuleProjectDirectory" value="/local/content/jenkins/slave1/workspace/_default/_lower/cananolab/CaNanoLabAutoTests_Test_Suite_C_QA"/>
    <property name="java.vendor.url" value="http://java.oracle.com/"/>
    <property name="path.separator" value=":"/>
    <property name="guice.disable.misplaced.annotation.check" value="true"/>
    <property name="java.vm.name" value="Java HotSpot(TM) 64-Bit Server VM"/>
    <property name="file.encoding.pkg" value="sun.io"/>
    <property name="user.country" value="US"/>
    <property name="sun.java.launcher" value="SUN_STANDARD"/>
    <property name="sun.os.patch.level" value="unknown"/>
    <property name="java.vm.specification.name" value="Java Virtual Machine Specification"/>
    <property name="user.dir" value="/local/content/jenkins/slave1/workspace/_default/_lower/cananolab/CaNanoLabAutoTests_Test_Suite_C_QA"/>
    <property name="java.runtime.version" value="1.8.0_331-b31"/>
    <property name="java.awt.graphicsenv" value="sun.awt.X11GraphicsEnvironment"/>
    <property name="java.endorsed.dirs" value="/usr/local/jdk1.8/jre/lib/endorsed"/>
    <property name="os.arch" value="amd64"/>
    <property name="java.io.tmpdir" value="/tmp"/>
    <property name="line.separator" value="
"/>
    <property name="java.vm.specification.vendor" value="Oracle Corporation"/>
    <property name="os.name" value="Linux"/>
    <property name="classworlds.conf" value="/usr/local/maven/bin/m2.conf"/>
    <property name="sun.jnu.encoding" value="UTF-8"/>
    <property name="java.library.path" value="/usr/java/packages/lib/amd64:/usr/lib64:/lib64:/lib:/usr/lib"/>
    <property name="java.specification.name" value="Java Platform API Specification"/>
    <property name="java.class.version" value="52.0"/>
    <property name="sun.management.compiler" value="HotSpot 64-Bit Tiered Compilers"/>
    <property name="os.version" value="3.10.0-1160.62.1.el7.x86_64"/>
    <property name="user.home" value="/local/home/slave1"/>
    <property name="user.timezone" value="America/New_York"/>
    <property name="java.awt.printerjob" value="sun.print.PSPrinterJob"/>
    <property name="file.encoding" value="UTF-8"/>
    <property name="java.specification.version" value="1.8"/>
    <property name="user.name" value="slave1"/>
    <property name="java.class.path" value="/usr/local/maven/boot/plexus-classworlds-2.5.2.jar"/>
    <property name="java.vm.specification.version" value="1.8"/>
    <property name="sun.arch.data.model" value="64"/>
    <property name="java.home" value="/usr/local/jdk1.8/jre"/>
    <property name="sun.java.command" value="org.codehaus.plexus.classworlds.launcher.Launcher test"/>
    <property name="java.specification.vendor" value="Oracle Corporation"/>
    <property name="user.language" value="en"/>
    <property name="awt.toolkit" value="sun.awt.X11.XToolkit"/>
    <property name="java.vm.info" value="mixed mode"/>
    <property name="java.version" value="1.8.0_331"/>
    <property name="java.ext.dirs" value="/usr/local/jdk1.8/jre/lib/ext:/usr/java/packages/lib/ext"/>
    <property name="securerandom.source" value="file:/dev/./urandom"/>
    <property name="sun.boot.class.path" value="/usr/local/jdk1.8/jre/lib/resources.jar:/usr/local/jdk1.8/jre/lib/rt.jar:/usr/local/jdk1.8/jre/lib/sunrsasign.jar:/usr/local/jdk1.8/jre/lib/jsse.jar:/usr/local/jdk1.8/jre/lib/jce.jar:/usr/local/jdk1.8/jre/lib/charsets.jar:/usr/local/jdk1.8/jre/lib/jfr.jar:/usr/local/jdk1.8/jre/classes"/>
    <property name="java.vendor" value="Oracle Corporation"/>
    <property name="maven.home" value="/usr/local/maven"/>
    <property name="file.separator" value="/"/>
    <property name="java.vendor.url.bug" value="http://bugreport.sun.com/bugreport/"/>
    <property name="sun.cpu.endian" value="little"/>
    <property name="sun.io.unicode.encoding" value="UnicodeLittle"/>
    <property name="sun.cpu.isalist" value=""/>
  </properties>
  <testcase classname="gov.nih.nci.TestSuiteC" name="Test34VerifyTheAbilityToSubmitANewProtocolsAsACurator" time="4.112"/>
  <testcase classname="gov.nih.nci.TestSuiteC" name="Test39verifyTheAbilityToSearchProtocolsAsACurator" time="3.165"/>
  <testcase classname="gov.nih.nci.TestSuiteC" name="Test41VerifySampleSubmitPage" time="3.012"/>
  <testcase classname="gov.nih.nci.TestSuiteC" name="Test16verifyResearcherUserCanViewMyProtocolsFromMyWorkspacePage" time="3.046"/>
  <testcase classname="gov.nih.nci.TestSuiteC" name="Test17VerifyCuratorUserCanEditMyProtocolsFromMyWorkspacePage" time="2.913"/>
  <testcase classname="gov.nih.nci.TestSuiteC" name="Test47curatorUserShouldBeAbleToPefromAdvancedSampleSearchBySampleCriteriaWithPointOfContactNameAndEqualsFilter" time="2.936"/>
  <testcase classname="gov.nih.nci.TestSuiteC" name="Test20verifyResearcherUserCanViewMyPublicationsFromMyWorkspacePage" time="3.042"/>
  <testcase classname="gov.nih.nci.TestSuiteC" name="Test50EnsureCuratorUserAbleToEditSampleCriteriaFromAdavancedSampleSearchPage" time="2.977"/>
  <testcase classname="gov.nih.nci.TestSuiteC" name="Test35VerifyTheAbilityToSubmitANewProtocolsAsAResearcher" time="2.99"/>
  <testcase classname="gov.nih.nci.TestSuiteC" name="Test44verifyTheAbilityToDeleteASampleCompositionNaomaterialEntityAsCurator" time="2.951"/>
  <testcase classname="gov.nih.nci.TestSuiteC" name="Test40verifyTheAbilityToSearchProtocolsAsACurator1" time="3.012"/>
  <testcase classname="gov.nih.nci.TestSuiteC" name="Test9verifyUserCanUncheckProtocolsFromMyWorkspace" time="2.883"/>
  <testcase classname="gov.nih.nci.TestSuiteC" name="Test48ensureCuratorUserAbleToResetSampleCriteriaFromAdavancedSampleSearchPage" time="3.439"/>
  <testcase classname="gov.nih.nci.TestSuiteC" name="Test29verifyThatAResearcherAbleToRemoveSampleFromPublicationForPublicationThatUserHaveDeleteAccess" time="4.263"/>
  <testcase classname="gov.nih.nci.TestSuiteC" name="Test27ensureStrutsHasBeenRemovedFromSearchForSamplesByPublicationPage" time="2.967"/>
  <testcase classname="gov.nih.nci.TestSuiteC" name="Test18VerifyReseracherUserCanEditMyProtocolsFromMyWorkspacePage" time="3.07"/>
  <testcase classname="gov.nih.nci.TestSuiteC" name="Test11verifyCuratorUserCanViewSamplesFromMyWorkspacePage" time="3.102"/>
  <testcase classname="gov.nih.nci.TestSuiteC" name="Test42curatorUserShouldBeAbleToAddSampleCriteriaWithSampleNameAndContainsFilterToTheAdvancedSampleSearch" time="4.73"/>
  <testcase classname="gov.nih.nci.TestSuiteC" name="Test26ensureStrutsHasBeenRemovedFromPublicationSubmissionPage" time="3.044"/>
  <testcase classname="gov.nih.nci.TestSuiteC" name="Test46curatorUserShouldBeAbleToPefromAdvancedSampleSearchBySampleCriteriaWithPointOfContactNameAndContainsFilter" time="2.962"/>
  <testcase classname="gov.nih.nci.TestSuiteC" name="Test2verifyManageCurationPageTitleExists" time="2.988"/>
  <testcase classname="gov.nih.nci.TestSuiteC" name="Test4verifyManageBatchDataAvailabilityLinkExists" time="4.353"/>
  <testcase classname="gov.nih.nci.TestSuiteC" name="Test25ensureStrutsHasBeenRemovedFromPublicationSearchPage" time="4.993"/>
  <testcase classname="gov.nih.nci.TestSuiteC" name="Test6verifyCuratorUserCanViewMyWorksapce" time="3.774"/>
  <testcase classname="gov.nih.nci.TestSuiteC" name="Test15verifyCuratorUserCanViewMyProtocolsFromMyWorkspacePage" time="5.663"/>
  <testcase classname="gov.nih.nci.TestSuiteC" name="Test49ensureCuratorUserAbleToRemoveSampleCriteriaFromAdavancedSampleSearchPage" time="4.356"/>
  <testcase classname="gov.nih.nci.TestSuiteC" name="Test13verifyResearcherUserCanViewSamplesFromMyWorkspacePage" time="5.189"/>
  <testcase classname="gov.nih.nci.TestSuiteC" name="Test1EnsureStrutsHasBeenRemovedFromManageBatchDataAvailabilityPage" time="5.076"/>
  <testcase classname="gov.nih.nci.TestSuiteC" name="Test7verifyResearcherUserCanViewMyWorksapce" time="4.689"/>
  <testcase classname="gov.nih.nci.TestSuiteC" name="Test30verifyThatAResearcherCanEditPublicationForPublicationThatUserHasUpdateOrEditAccess" time="5.243"/>
  <testcase classname="gov.nih.nci.TestSuiteC" name="Test28verifyThatACuratorCanRemoveSampleFromPublication" time="5.209"/>
  <testcase classname="gov.nih.nci.TestSuiteC" name="Test24ensureStrutsHasBeenRemovedFromManagePublicationPage" time="5.119"/>
  <testcase classname="gov.nih.nci.TestSuiteC" name="Test21verifyCuratorUserCanEditMyPublicationsFromMyWorkspacePage" time="5.484"/>
  <testcase classname="gov.nih.nci.TestSuiteC" name="Test8verifyUserCanUncheckSamplesFromMyWorkspace" time="5.046"/>
  <testcase classname="gov.nih.nci.TestSuiteC" name="Test37ensureStrutsHasBeenRemovedFromSubmitANewProtocolpage" time="3.761"/>
  <testcase classname="gov.nih.nci.TestSuiteC" name="Test19verifyCuratorUserCanViewMyPublicationsFromMyWorkspacePage" time="5.497"/>
  <testcase classname="gov.nih.nci.TestSuiteC" name="Test33VerifyTheAbilityToAddANewSampleAsAResearcher" time="5.058"/>
  <testcase classname="gov.nih.nci.TestSuiteC" name="Test3verifyReviewDataPendingReleaseToPublicLinkExists" time="3.126"/>
  <testcase classname="gov.nih.nci.TestSuiteC" name="Test22verifyResearcherUserCanEditMyPublicationsFromMyWorkspacePage" time="4.438"/>
  <testcase classname="gov.nih.nci.TestSuiteC" name="Test12verifyCuratorUserCanEditSamplesFromMyWorkspacePage" time="5.209"/>
  <testcase classname="gov.nih.nci.TestSuiteC" name="Test32VerifyTheAbilityToAddANewSampleAsACurator" time="4.512"/>
  <testcase classname="gov.nih.nci.TestSuiteC" name="Test23ensureUsercanViewSamplesProtocolsAndPublicationsAndUseBackButtonFromViewPage" time="5.622"/>
  <testcase classname="gov.nih.nci.TestSuiteC" name="Test51researcherUserShouldBeAbleToAddSampleCriteriaWithSampleNameAndContainsFilterToTheAdvancedSampleSearch" time="3.937"/>
  <testcase classname="gov.nih.nci.TestSuiteC" name="Test5verifyUserAbleToSubmitGenerateDataAvailabilityForAllSamplesSearch" time="5.614"/>
  <testcase classname="gov.nih.nci.TestSuiteC" name="Test10verifyUserCanUncheckPublicationsFromMyWorkspacePage" time="5.192"/>
  <testcase classname="gov.nih.nci.TestSuiteC" name="Test31verifyThatACuratorCanEditPublication" time="5.175"/>
  <testcase classname="gov.nih.nci.TestSuiteC" name="Test36ensureStrutsHasBeenRemovedFromManageProtocolPage" time="4.632"/>
  <testcase classname="gov.nih.nci.TestSuiteC" name="Test14verifyResearcherUserCanEditSamplesFromMyWorkspacePage" time="4.459"/>
  <testcase classname="gov.nih.nci.TestSuiteC" name="Test43curatorUserShouldBeAbleToAddSampleCriteriaWithSampleNameAndEqualsFilterToTheAdvancedSampleSearch" time="4.598"/>
  <testcase classname="gov.nih.nci.TestSuiteC" name="Test45verifyTheAbilityToDeleteASampleCompositionFunctionalizingEntityAsCurator" time="4.783"/>
  <testcase classname="gov.nih.nci.TestSuiteC" name="Test38ensureStrutsHasBeenRemovedFromSearchExistingProtocolsPage" time="5.053"/>
</testsuite>