<?xml version="1.0" encoding="UTF-8" ?>
<testsuite tests="51" failures="0" name="gov.nih.nci.TestSuiteProtocols" time="165.18" errors="0" skipped="0">
  <properties>
    <property name="java.runtime.name" value="Java(TM) SE Runtime Environment"/>
    <property name="sun.boot.library.path" value="/usr/local/jdk1.8/jre/lib/amd64"/>
    <property name="java.vm.version" value="25.331-b31"/>
    <property name="java.vm.vendor" value="Oracle Corporation"/>
    <property name="maven.multiModuleProjectDirectory" value="/local/content/jenkins/slave1/workspace/_default/_lower/cananolab/CaNanoLabAutoTests_Protocols_5_QA"/>
    <property name="java.vendor.url" value="http://java.oracle.com/"/>
    <property name="path.separator" value=":"/>
    <property name="guice.disable.misplaced.annotation.check" value="true"/>
    <property name="java.vm.name" value="Java HotSpot(TM) 64-Bit Server VM"/>
    <property name="file.encoding.pkg" value="sun.io"/>
    <property name="user.country" value="US"/>
    <property name="sun.java.launcher" value="SUN_STANDARD"/>
    <property name="sun.os.patch.level" value="unknown"/>
    <property name="java.vm.specification.name" value="Java Virtual Machine Specification"/>
    <property name="user.dir" value="/local/content/jenkins/slave1/workspace/_default/_lower/cananolab/CaNanoLabAutoTests_Protocols_5_QA"/>
    <property name="java.runtime.version" value="1.8.0_331-b31"/>
    <property name="java.awt.graphicsenv" value="sun.awt.X11GraphicsEnvironment"/>
    <property name="java.endorsed.dirs" value="/usr/local/jdk1.8/jre/lib/endorsed"/>
    <property name="os.arch" value="amd64"/>
    <property name="java.io.tmpdir" value="/tmp"/>
    <property name="line.separator" value="
"/>
    <property name="java.vm.specification.vendor" value="Oracle Corporation"/>
    <property name="os.name" value="Linux"/>
    <property name="classworlds.conf" value="/usr/local/maven/bin/m2.conf"/>
    <property name="sun.jnu.encoding" value="UTF-8"/>
    <property name="java.library.path" value="/usr/java/packages/lib/amd64:/usr/lib64:/lib64:/lib:/usr/lib"/>
    <property name="java.specification.name" value="Java Platform API Specification"/>
    <property name="java.class.version" value="52.0"/>
    <property name="sun.management.compiler" value="HotSpot 64-Bit Tiered Compilers"/>
    <property name="os.version" value="3.10.0-1160.62.1.el7.x86_64"/>
    <property name="user.home" value="/local/home/slave1"/>
    <property name="user.timezone" value="America/New_York"/>
    <property name="java.awt.printerjob" value="sun.print.PSPrinterJob"/>
    <property name="file.encoding" value="UTF-8"/>
    <property name="java.specification.version" value="1.8"/>
    <property name="user.name" value="slave1"/>
    <property name="java.class.path" value="/usr/local/maven/boot/plexus-classworlds-2.5.2.jar"/>
    <property name="java.vm.specification.version" value="1.8"/>
    <property name="sun.arch.data.model" value="64"/>
    <property name="java.home" value="/usr/local/jdk1.8/jre"/>
    <property name="sun.java.command" value="org.codehaus.plexus.classworlds.launcher.Launcher test"/>
    <property name="java.specification.vendor" value="Oracle Corporation"/>
    <property name="user.language" value="en"/>
    <property name="awt.toolkit" value="sun.awt.X11.XToolkit"/>
    <property name="java.vm.info" value="mixed mode"/>
    <property name="java.version" value="1.8.0_331"/>
    <property name="java.ext.dirs" value="/usr/local/jdk1.8/jre/lib/ext:/usr/java/packages/lib/ext"/>
    <property name="securerandom.source" value="file:/dev/./urandom"/>
    <property name="sun.boot.class.path" value="/usr/local/jdk1.8/jre/lib/resources.jar:/usr/local/jdk1.8/jre/lib/rt.jar:/usr/local/jdk1.8/jre/lib/sunrsasign.jar:/usr/local/jdk1.8/jre/lib/jsse.jar:/usr/local/jdk1.8/jre/lib/jce.jar:/usr/local/jdk1.8/jre/lib/charsets.jar:/usr/local/jdk1.8/jre/lib/jfr.jar:/usr/local/jdk1.8/jre/classes"/>
    <property name="java.vendor" value="Oracle Corporation"/>
    <property name="maven.home" value="/usr/local/maven"/>
    <property name="file.separator" value="/"/>
    <property name="java.vendor.url.bug" value="http://bugreport.sun.com/bugreport/"/>
    <property name="sun.cpu.endian" value="little"/>
    <property name="sun.io.unicode.encoding" value="UnicodeLittle"/>
    <property name="sun.cpu.isalist" value=""/>
  </properties>
  <testcase classname="gov.nih.nci.TestSuiteProtocols" name="Test16EnsureResearcherUserAbleToAddASampleToTheFavoritesListAndRemoveTheAddedSampleFromMyFavoritesPage" time="4.085"/>
  <testcase classname="gov.nih.nci.TestSuiteProtocols" name="Test33verifyUserAbleToSearchForPubliclyAvailableSamplesFromGoogleLikeSearchWhileUserLoggedInAsResearcher" time="3.119"/>
  <testcase classname="gov.nih.nci.TestSuiteProtocols" name="Test32verifyUserAbleToSearchForPubliclyAvailableSamplesFromGoogleLikeSearchWhileUserLoggedInAsCurator" time="3.694"/>
  <testcase classname="gov.nih.nci.TestSuiteProtocols" name="Test12EnsureresearcherUserAbleToAddAPublicationToTheFavoritesListAndViewTheAddedPublicationFromMyFavoritesPage" time="3.047"/>
  <testcase classname="gov.nih.nci.TestSuiteProtocols" name="Test50EnsureOnlyCuratorUserAbleToAddAGroupsToTheCollaborationGroups" time="3.052"/>
  <testcase classname="gov.nih.nci.TestSuiteProtocols" name="Test11ensureresearcherUserAbleToAddAProtocolToTheFavoritesListAndViewTheAddedProtocolFromMyFavoritesPage" time="3.187"/>
  <testcase classname="gov.nih.nci.TestSuiteProtocols" name="Test5ensureCuratorUserAbleToAddAProtocolToTheFavoritesListAndRemoveTheAddedProtocolFromMyFavoritesPage" time="2.951"/>
  <testcase classname="gov.nih.nci.TestSuiteProtocols" name="Test8EnsureresearcherUserAbleToAddAProtocolToTheFavoritesList" time="2.98"/>
  <testcase classname="gov.nih.nci.TestSuiteProtocols" name="Test6EnsureCuratorUserAbleToAddAPublicationToTheFavoritesListAndRemoveTheAddedPublicationFromMyFavoritesPage" time="2.908"/>
  <testcase classname="gov.nih.nci.TestSuiteProtocols" name="Test4EnsureCuratorUserAbleToAddASampleToTheFavoritesListAndRemoveTheAddedSampleFromMyFavoritesPage" time="2.93"/>
  <testcase classname="gov.nih.nci.TestSuiteProtocols" name="Test23EnsureUserShouldBeAbleToSubmitAPublicationAndAssociateACollaborationGroup" time="2.921"/>
  <testcase classname="gov.nih.nci.TestSuiteProtocols" name="Test2ensureCuratorUserAbleToAddAProtocolToTheFavoritesListAndEditTheAddedProtocolFromMyFavoritesPage" time="3.009"/>
  <testcase classname="gov.nih.nci.TestSuiteProtocols" name="Test45EnsureUserAbleToSortGoogleLikeSearchResultsByDescriptionWhenUserLoggerInAsCurator" time="2.979"/>
  <testcase classname="gov.nih.nci.TestSuiteProtocols" name="Test19EnsureCuratorUserAbleToSubmitASample" time="2.937"/>
  <testcase classname="gov.nih.nci.TestSuiteProtocols" name="Test42EnsureUserAbleToSortGoogleLikeSearchResultsByNameWhenUserLoggerInAsCurator" time="2.991"/>
  <testcase classname="gov.nih.nci.TestSuiteProtocols" name="Test34VerifyUserShouldNotBeAbleToSearchNonPubliclyAvailableSamplesFromGoogleLikeSearchWithoutLogin" time="2.927"/>
  <testcase classname="gov.nih.nci.TestSuiteProtocols" name="Test48EnsureUserAbleToSortGoogleLikeSearchResultsByCreatedDateWhenUserLoggerInAsReasercher" time="3.007"/>
  <testcase classname="gov.nih.nci.TestSuiteProtocols" name="Test14ensureResearcherUserAbleToAddAProtocolToTheFavoritesListAndEditTheAddedProtocolFromMyFavoritesPage" time="2.983"/>
  <testcase classname="gov.nih.nci.TestSuiteProtocols" name="Test46EnsureUserAbleToSortGoogleLikeSearchResultsByNameWhenUserLoggerInAsReasercher" time="2.936"/>
  <testcase classname="gov.nih.nci.TestSuiteProtocols" name="Test27ensureResearcherUserAbleToSubmitANanomaterialEntityToTheSample" time="3.026"/>
  <testcase classname="gov.nih.nci.TestSuiteProtocols" name="Test29ensureResearcherUserAbleToSubmitAChemicalAssociationToTheSample" time="2.999"/>
  <testcase classname="gov.nih.nci.TestSuiteProtocols" name="Test31verifyUserAbleToSearchForPubliclyAvailableSamplesFromGoogleLikeSearchWithoutLogin" time="2.902"/>
  <testcase classname="gov.nih.nci.TestSuiteProtocols" name="Test7EnsureresearcherUserAbleToAddASampleToTheFavoritesList" time="2.927"/>
  <testcase classname="gov.nih.nci.TestSuiteProtocols" name="Test20ensureCuratorUserAbleToSubmitANanomaterialEntityToTheSample" time="3.02"/>
  <testcase classname="gov.nih.nci.TestSuiteProtocols" name="Test37googleLikeSearchDoesNotReturnAnySearchResultsWhenUserSearchForInvalidSearchTerm" time="3.079"/>
  <testcase classname="gov.nih.nci.TestSuiteProtocols" name="Test13EnsureresearcherUserAbleToAddASampleToTheFavoritesListAndEditTheAddedSampleFromMyFavoritesPage" time="2.881"/>
  <testcase classname="gov.nih.nci.TestSuiteProtocols" name="Test36VerifyUserAbleToSearchForPubliclyAvailableSamplesFromGoogleLikeSearchWhileUserLoggedInAsResearcher" time="3.009"/>
  <testcase classname="gov.nih.nci.TestSuiteProtocols" name="Test21ensureCuratorUserAbleToSubmitAFunctionalizingEntityToTheSample" time="2.932"/>
  <testcase classname="gov.nih.nci.TestSuiteProtocols" name="Test49EnsureUserAbleToSortGoogleLikeSearchResultsByDescriptionWhenUserLoggerInAsReasercher" time="3"/>
  <testcase classname="gov.nih.nci.TestSuiteProtocols" name="Test47EnsureUserAbleToSortGoogleLikeSearchResultsByTypeWhenUserLoggerInAsReasercher" time="2.919"/>
  <testcase classname="gov.nih.nci.TestSuiteProtocols" name="Test25ensureCuratorUserAbleToSubmitACompositionFileToTheSample" time="2.963"/>
  <testcase classname="gov.nih.nci.TestSuiteProtocols" name="Test24ensureCuratorUserAbleToSubmitAChemicalAssociationToTheSample" time="2.933"/>
  <testcase classname="gov.nih.nci.TestSuiteProtocols" name="Test17ensureResearcherUserAbleToAddAProtocolToTheFavoritesListAndRemoveTheAddedProtocolFromMyFavoritesPage" time="2.902"/>
  <testcase classname="gov.nih.nci.TestSuiteProtocols" name="Test35VerifyUserAbleToSearchForPubliclyAvailableSamplesFromGoogleLikeSearchWhileUserLoggedInAsCurator" time="3.006"/>
  <testcase classname="gov.nih.nci.TestSuiteProtocols" name="Test43EnsureUserAbleToSortGoogleLikeSearchResultsByTypeWhenUserLoggerInAsCurator" time="2.887"/>
  <testcase classname="gov.nih.nci.TestSuiteProtocols" name="Test10EnsureresearcherUserAbleToAddASampleToTheFavoritesListAndViewTheAddedSampleFromMyFavoritesPage" time="2.91"/>
  <testcase classname="gov.nih.nci.TestSuiteProtocols" name="Test30ensureResearcherUserAbleToSubmitACompositionFileToTheSample" time="3.054"/>
  <testcase classname="gov.nih.nci.TestSuiteProtocols" name="Test28ensureResearcherUserAbleToSubmitAFunctionalizingEntityToTheSample" time="2.959"/>
  <testcase classname="gov.nih.nci.TestSuiteProtocols" name="Test39EnsureUserAbleToSortGoogleLikeSearchResultsByType" time="5.889"/>
  <testcase classname="gov.nih.nci.TestSuiteProtocols" name="Test41EnsureUserAbleToSortGoogleLikeSearchResultsByDescription" time="5.942"/>
  <testcase classname="gov.nih.nci.TestSuiteProtocols" name="Test22EnsureUserShouldBeAbleToSubmitAProtocolAndAssociateACollaborationGroup" time="3.031"/>
  <testcase classname="gov.nih.nci.TestSuiteProtocols" name="Test3EnsureCuratorUserAbleToAddAPublicationToTheFavoritesListAndEditTheAddedPublicationFromMyFavoritesPage" time="2.886"/>
  <testcase classname="gov.nih.nci.TestSuiteProtocols" name="Test38EnsureUserAbleToSortGoogleLikeSearchResultsByName" time="5.946"/>
  <testcase classname="gov.nih.nci.TestSuiteProtocols" name="Test9EnsureresearcherUserAbleToAddAPublicationToTheFavoritesList" time="2.941"/>
  <testcase classname="gov.nih.nci.TestSuiteProtocols" name="Test1EnsureCuratorUserAbleToAddASampleToTheFavoritesListAndEditTheAddedSampleFromMyFavoritesPage" time="2.975"/>
  <testcase classname="gov.nih.nci.TestSuiteProtocols" name="Test26EnsureResearcherUserAbleToSubmitASample" time="2.9"/>
  <testcase classname="gov.nih.nci.TestSuiteProtocols" name="Test51EnsureUserShouldBeAbleToSubmitASampleAndAssociateACollaborationGroup" time="2.9"/>
  <testcase classname="gov.nih.nci.TestSuiteProtocols" name="Test15EnsureresearcherUserAbleToAddAPublicationToTheFavoritesListAndEditTheAddedPublicationFromMyFavoritesPage" time="2.9"/>
  <testcase classname="gov.nih.nci.TestSuiteProtocols" name="Test18EnsureResearcherUserAbleToAddAPublicationToTheFavoritesListAndRemoveTheAddedPublicationFromMyFavoritesPage" time="2.923"/>
  <testcase classname="gov.nih.nci.TestSuiteProtocols" name="Test40EnsureUserAbleToSortGoogleLikeSearchResultsByCreatedDate" time="5.927"/>
  <testcase classname="gov.nih.nci.TestSuiteProtocols" name="Test44EnsureUserAbleToSortGoogleLikeSearchResultsByCreatedDateWhenUserLoggerInAsCurator" time="3.069"/>
</testsuite>