<?xml version="1.0" encoding="UTF-8" ?>
<testsuite tests="37" failures="0" name="gov.nih.nci.FunctionalSmokeTest" time="862.223" errors="0" skipped="0">
  <properties>
    <property name="java.runtime.name" value="Java(TM) SE Runtime Environment"/>
    <property name="sun.boot.library.path" value="/usr/local/jdk1.8/jre/lib/amd64"/>
    <property name="java.vm.version" value="25.331-b31"/>
    <property name="java.vm.vendor" value="Oracle Corporation"/>
    <property name="maven.multiModuleProjectDirectory" value="/local/content/jenkins/slave1/workspace/_default/_lower/cananolab/CaNanoLabAutoTests_Functional_Smoke_Tests_QA"/>
    <property name="java.vendor.url" value="http://java.oracle.com/"/>
    <property name="path.separator" value=":"/>
    <property name="guice.disable.misplaced.annotation.check" value="true"/>
    <property name="java.vm.name" value="Java HotSpot(TM) 64-Bit Server VM"/>
    <property name="file.encoding.pkg" value="sun.io"/>
    <property name="user.country" value="US"/>
    <property name="sun.java.launcher" value="SUN_STANDARD"/>
    <property name="sun.os.patch.level" value="unknown"/>
    <property name="java.vm.specification.name" value="Java Virtual Machine Specification"/>
    <property name="user.dir" value="/local/content/jenkins/slave1/workspace/_default/_lower/cananolab/CaNanoLabAutoTests_Functional_Smoke_Tests_QA"/>
    <property name="java.runtime.version" value="1.8.0_331-b31"/>
    <property name="java.awt.graphicsenv" value="sun.awt.X11GraphicsEnvironment"/>
    <property name="java.endorsed.dirs" value="/usr/local/jdk1.8/jre/lib/endorsed"/>
    <property name="os.arch" value="amd64"/>
    <property name="java.io.tmpdir" value="/tmp"/>
    <property name="line.separator" value="
"/>
    <property name="java.vm.specification.vendor" value="Oracle Corporation"/>
    <property name="os.name" value="Linux"/>
    <property name="classworlds.conf" value="/usr/local/maven/bin/m2.conf"/>
    <property name="sun.jnu.encoding" value="UTF-8"/>
    <property name="java.library.path" value="/usr/java/packages/lib/amd64:/usr/lib64:/lib64:/lib:/usr/lib"/>
    <property name="java.specification.name" value="Java Platform API Specification"/>
    <property name="java.class.version" value="52.0"/>
    <property name="sun.management.compiler" value="HotSpot 64-Bit Tiered Compilers"/>
    <property name="os.version" value="3.10.0-1160.66.1.el7.x86_64"/>
    <property name="user.home" value="/local/home/slave1"/>
    <property name="user.timezone" value="America/New_York"/>
    <property name="java.awt.printerjob" value="sun.print.PSPrinterJob"/>
    <property name="file.encoding" value="UTF-8"/>
    <property name="java.specification.version" value="1.8"/>
    <property name="user.name" value="slave1"/>
    <property name="java.class.path" value="/usr/local/maven/boot/plexus-classworlds-2.5.2.jar"/>
    <property name="java.vm.specification.version" value="1.8"/>
    <property name="sun.arch.data.model" value="64"/>
    <property name="java.home" value="/usr/local/jdk1.8/jre"/>
    <property name="sun.java.command" value="org.codehaus.plexus.classworlds.launcher.Launcher test"/>
    <property name="java.specification.vendor" value="Oracle Corporation"/>
    <property name="user.language" value="en"/>
    <property name="awt.toolkit" value="sun.awt.X11.XToolkit"/>
    <property name="java.vm.info" value="mixed mode"/>
    <property name="java.version" value="1.8.0_331"/>
    <property name="java.ext.dirs" value="/usr/local/jdk1.8/jre/lib/ext:/usr/java/packages/lib/ext"/>
    <property name="securerandom.source" value="file:/dev/./urandom"/>
    <property name="sun.boot.class.path" value="/usr/local/jdk1.8/jre/lib/resources.jar:/usr/local/jdk1.8/jre/lib/rt.jar:/usr/local/jdk1.8/jre/lib/sunrsasign.jar:/usr/local/jdk1.8/jre/lib/jsse.jar:/usr/local/jdk1.8/jre/lib/jce.jar:/usr/local/jdk1.8/jre/lib/charsets.jar:/usr/local/jdk1.8/jre/lib/jfr.jar:/usr/local/jdk1.8/jre/classes"/>
    <property name="java.vendor" value="Oracle Corporation"/>
    <property name="maven.home" value="/usr/local/maven"/>
    <property name="file.separator" value="/"/>
    <property name="java.vendor.url.bug" value="http://bugreport.sun.com/bugreport/"/>
    <property name="sun.cpu.endian" value="little"/>
    <property name="sun.io.unicode.encoding" value="UnicodeLittle"/>
    <property name="sun.cpu.isalist" value=""/>
  </properties>
  <testcase classname="gov.nih.nci.FunctionalSmokeTest" name="Test23verifyAdditionalNCILinks_NanoHubs" time="14.686"/>
  <testcase classname="gov.nih.nci.FunctionalSmokeTest" name="Test25verifyAdditionalExternalLinks_NBI" time="15.372"/>
  <testcase classname="gov.nih.nci.FunctionalSmokeTest" name="Test26verifyAdditionalExternalLinks_NIOSHNIL" time="13.934"/>
  <testcase classname="gov.nih.nci.FunctionalSmokeTest" name="Test33loginSplashScreenTextVerification" time="2.944"/>
  <testcase classname="gov.nih.nci.FunctionalSmokeTest" name="Test3invalidPasswordTest" time="3.005"/>
  <testcase classname="gov.nih.nci.FunctionalSmokeTest" name="Test22verifyAdditionalNCILinks_NanotechnologyWorkingGroup" time="2.919"/>
  <testcase classname="gov.nih.nci.FunctionalSmokeTest" name="Test4SamplesSearchByKeyword" time="12.037"/>
  <testcase classname="gov.nih.nci.FunctionalSmokeTest" name="Test8verifyWhatsNewSectionContent_downloadLink" time="13.933"/>
  <testcase classname="gov.nih.nci.FunctionalSmokeTest" name="Test18verifyAdditionalNCILinks_NCICBIITHome" time="16.485"/>
  <testcase classname="gov.nih.nci.FunctionalSmokeTest" name="Test35SamplesContainsSearchBySampleName" time="6.933"/>
  <testcase classname="gov.nih.nci.FunctionalSmokeTest" name="Test21verifyAdditionalNCILinks_NCIHome" time="18.43"/>
  <testcase classname="gov.nih.nci.FunctionalSmokeTest" name="Test27verifyAdditionalExternalLinks_InterNano" time="2.926"/>
  <testcase classname="gov.nih.nci.FunctionalSmokeTest" name="Test11verifyOptions_BrowsePublicallyAvailabledata" time="3.888"/>
  <testcase classname="gov.nih.nci.FunctionalSmokeTest" name="Test15verifyHelpPage" time="13.632"/>
  <testcase classname="gov.nih.nci.FunctionalSmokeTest" name="Test30verifyAdditionalExternalLinks_8" time="2.955"/>
  <testcase classname="gov.nih.nci.FunctionalSmokeTest" name="Test6verifycaNanoLabHowToSectionContent" time="23.119"/>
  <testcase classname="gov.nih.nci.FunctionalSmokeTest" name="Test13verifyOptions_RegisterForLoginAccount" time="5.427"/>
  <testcase classname="gov.nih.nci.FunctionalSmokeTest" name="Test34verifyUserSessionIsLostWhenBrowserWindowIsClosed" time="2.855"/>
  <testcase classname="gov.nih.nci.FunctionalSmokeTest" name="Test24verifyAdditionalExternalLinks_Disclaimer" time="14.485"/>
  <testcase classname="gov.nih.nci.FunctionalSmokeTest" name="Test28verifyAdditionalExternalLinks_nanoHUB" time="17.44"/>
  <testcase classname="gov.nih.nci.FunctionalSmokeTest" name="Test37EnsureUserAbleToSortGoogleLikeSearchResultsByCreatedDateWhenUserLoggerInAsReasercher" time="4.01"/>
  <testcase classname="gov.nih.nci.FunctionalSmokeTest" name="Test9verifyWhatsNewSectionContent_releaseNotesLink" time="14.844"/>
  <testcase classname="gov.nih.nci.FunctionalSmokeTest" name="Test7verifyBrowseCaNanoLabSectionContent" time="188.79"/>
  <testcase classname="gov.nih.nci.FunctionalSmokeTest" name="Test36verifyPublicationSearchBySampleNameContains" time="318.816"/>
  <testcase classname="gov.nih.nci.FunctionalSmokeTest" name="Test2curatorLoginTest" time="3.025"/>
  <testcase classname="gov.nih.nci.FunctionalSmokeTest" name="Test12verifyOptions_LoginToSubmitData" time="5.37"/>
  <testcase classname="gov.nih.nci.FunctionalSmokeTest" name="Test10verifyHomePageWelcomeContent" time="5.435"/>
  <testcase classname="gov.nih.nci.FunctionalSmokeTest" name="Test5CreateNewSample" time="12.435"/>
  <testcase classname="gov.nih.nci.FunctionalSmokeTest" name="Test31verifyAdditionalExternalLinks_eNanoMapper" time="15.652"/>
  <testcase classname="gov.nih.nci.FunctionalSmokeTest" name="Test17verifyAdditionalNCILinks_caNanoLabWiki" time="14.831"/>
  <testcase classname="gov.nih.nci.FunctionalSmokeTest" name="Test38EnsureUserAbleToSortGoogleLikeSearchResultsByDescriptionWhenUserLoggerInAsReasercher" time="2.914"/>
  <testcase classname="gov.nih.nci.FunctionalSmokeTest" name="Test14verifyFeatureSectionContent" time="5.575"/>
  <testcase classname="gov.nih.nci.FunctionalSmokeTest" name="Test29verifyAdditionalExternalLinks_SAFENANO" time="15.027"/>
  <testcase classname="gov.nih.nci.FunctionalSmokeTest" name="Test16verifyContextSensitiveHelpPage" time="23.743"/>
  <testcase classname="gov.nih.nci.FunctionalSmokeTest" name="Test1researcherLoginTest" time="2.892"/>
  <testcase classname="gov.nih.nci.FunctionalSmokeTest" name="Test19verifyAdditionalNCILinks_NCLHome" time="15.492"/>
  <testcase classname="gov.nih.nci.FunctionalSmokeTest" name="Test32verifyAdditionalExternalLinks_NanomaterialRegsitry" time="5.967"/>
</testsuite>