<?xml version="1.0" encoding="UTF-8" ?>
<testsuite tests="51" failures="0" name="gov.nih.nci.TestSuiteProtocols" time="251.155" errors="0" skipped="0">
  <properties>
    <property name="java.runtime.name" value="Java(TM) SE Runtime Environment"/>
    <property name="sun.boot.library.path" value="/usr/local/jdk1.8/jre/lib/amd64"/>
    <property name="java.vm.version" value="25.331-b31"/>
    <property name="java.vm.vendor" value="Oracle Corporation"/>
    <property name="maven.multiModuleProjectDirectory" value="/local/content/jenkins/slave1/workspace/_default/_lower/cananolab/CaNanoLabAutoTests_Protocols_3_QA"/>
    <property name="java.vendor.url" value="http://java.oracle.com/"/>
    <property name="path.separator" value=":"/>
    <property name="guice.disable.misplaced.annotation.check" value="true"/>
    <property name="java.vm.name" value="Java HotSpot(TM) 64-Bit Server VM"/>
    <property name="file.encoding.pkg" value="sun.io"/>
    <property name="user.country" value="US"/>
    <property name="sun.java.launcher" value="SUN_STANDARD"/>
    <property name="sun.os.patch.level" value="unknown"/>
    <property name="java.vm.specification.name" value="Java Virtual Machine Specification"/>
    <property name="user.dir" value="/local/content/jenkins/slave1/workspace/_default/_lower/cananolab/CaNanoLabAutoTests_Protocols_3_QA"/>
    <property name="java.runtime.version" value="1.8.0_331-b31"/>
    <property name="java.awt.graphicsenv" value="sun.awt.X11GraphicsEnvironment"/>
    <property name="java.endorsed.dirs" value="/usr/local/jdk1.8/jre/lib/endorsed"/>
    <property name="os.arch" value="amd64"/>
    <property name="java.io.tmpdir" value="/tmp"/>
    <property name="line.separator" value="
"/>
    <property name="java.vm.specification.vendor" value="Oracle Corporation"/>
    <property name="os.name" value="Linux"/>
    <property name="classworlds.conf" value="/usr/local/maven/bin/m2.conf"/>
    <property name="sun.jnu.encoding" value="UTF-8"/>
    <property name="java.library.path" value="/usr/java/packages/lib/amd64:/usr/lib64:/lib64:/lib:/usr/lib"/>
    <property name="java.specification.name" value="Java Platform API Specification"/>
    <property name="java.class.version" value="52.0"/>
    <property name="sun.management.compiler" value="HotSpot 64-Bit Tiered Compilers"/>
    <property name="os.version" value="3.10.0-1160.62.1.el7.x86_64"/>
    <property name="user.home" value="/local/home/slave1"/>
    <property name="user.timezone" value="America/New_York"/>
    <property name="java.awt.printerjob" value="sun.print.PSPrinterJob"/>
    <property name="file.encoding" value="UTF-8"/>
    <property name="java.specification.version" value="1.8"/>
    <property name="user.name" value="slave1"/>
    <property name="java.class.path" value="/usr/local/maven/boot/plexus-classworlds-2.5.2.jar"/>
    <property name="java.vm.specification.version" value="1.8"/>
    <property name="sun.arch.data.model" value="64"/>
    <property name="java.home" value="/usr/local/jdk1.8/jre"/>
    <property name="sun.java.command" value="org.codehaus.plexus.classworlds.launcher.Launcher test"/>
    <property name="java.specification.vendor" value="Oracle Corporation"/>
    <property name="user.language" value="en"/>
    <property name="awt.toolkit" value="sun.awt.X11.XToolkit"/>
    <property name="java.vm.info" value="mixed mode"/>
    <property name="java.version" value="1.8.0_331"/>
    <property name="java.ext.dirs" value="/usr/local/jdk1.8/jre/lib/ext:/usr/java/packages/lib/ext"/>
    <property name="securerandom.source" value="file:/dev/./urandom"/>
    <property name="sun.boot.class.path" value="/usr/local/jdk1.8/jre/lib/resources.jar:/usr/local/jdk1.8/jre/lib/rt.jar:/usr/local/jdk1.8/jre/lib/sunrsasign.jar:/usr/local/jdk1.8/jre/lib/jsse.jar:/usr/local/jdk1.8/jre/lib/jce.jar:/usr/local/jdk1.8/jre/lib/charsets.jar:/usr/local/jdk1.8/jre/lib/jfr.jar:/usr/local/jdk1.8/jre/classes"/>
    <property name="java.vendor" value="Oracle Corporation"/>
    <property name="maven.home" value="/usr/local/maven"/>
    <property name="file.separator" value="/"/>
    <property name="java.vendor.url.bug" value="http://bugreport.sun.com/bugreport/"/>
    <property name="sun.cpu.endian" value="little"/>
    <property name="sun.io.unicode.encoding" value="UnicodeLittle"/>
    <property name="sun.cpu.isalist" value=""/>
  </properties>
  <testcase classname="gov.nih.nci.TestSuiteProtocols" name="Test42VerifyTheAbilityToSearchProtocolsAsACurator1" time="6.126"/>
  <testcase classname="gov.nih.nci.TestSuiteProtocols" name="Test16verifyResearcherUserCanViewMyProtocolsFromMyWorkspacePage" time="5.137"/>
  <testcase classname="gov.nih.nci.TestSuiteProtocols" name="Test17VerifyCuratorUserCanEditMyProtocolsFromMyWorkspacePage" time="4.597"/>
  <testcase classname="gov.nih.nci.TestSuiteProtocols" name="Test20verifyResearcherUserCanViewMyPublicationsFromMyWorkspacePage" time="4.359"/>
  <testcase classname="gov.nih.nci.TestSuiteProtocols" name="Test50EnsureCuratorUserAbleToEditSampleCriteriaFromAdavancedSampleSearchPage" time="8.086"/>
  <testcase classname="gov.nih.nci.TestSuiteProtocols" name="Test34VerifyTheAbilityToAddASampleCompositionNaomaterialEntityAsCurator" time="4.794"/>
  <testcase classname="gov.nih.nci.TestSuiteProtocols" name="Test39EnsureStrutsHasBeenRemovedFromSubmitANewProtocolpage" time="5.141"/>
  <testcase classname="gov.nih.nci.TestSuiteProtocols" name="Test35VerifyTheAbilityToAddASampleCompositionFunctionalizingEntityAsCurator" time="5.129"/>
  <testcase classname="gov.nih.nci.TestSuiteProtocols" name="Test9verifyUserCanUncheckProtocolsFromMyWorkspace" time="6.09"/>
  <testcase classname="gov.nih.nci.TestSuiteProtocols" name="Test29verifyThatAResearcherAbleToRemoveSampleFromPublicationForPublicationThatUserHaveDeleteAccess" time="4.436"/>
  <testcase classname="gov.nih.nci.TestSuiteProtocols" name="Test27ensureStrutsHasBeenRemovedFromSearchForSamplesByPublicationPage" time="5.567"/>
  <testcase classname="gov.nih.nci.TestSuiteProtocols" name="Test18VerifyReseracherUserCanEditMyProtocolsFromMyWorkspacePage" time="7.831"/>
  <testcase classname="gov.nih.nci.TestSuiteProtocols" name="Test45CuratorUserShouldBeAbleToAddSampleCriteriaWithSampleNameAndEqualsFilterToTheAdvancedSampleSearch" time="3.578"/>
  <testcase classname="gov.nih.nci.TestSuiteProtocols" name="Test11verifyCuratorUserCanViewSamplesFromMyWorkspacePage" time="5.38"/>
  <testcase classname="gov.nih.nci.TestSuiteProtocols" name="Test49EnsureCuratorUserAbleToRemoveSampleCriteriaFromAdavancedSampleSearchPage" time="4.407"/>
  <testcase classname="gov.nih.nci.TestSuiteProtocols" name="Test26ensureStrutsHasBeenRemovedFromPublicationSubmissionPage" time="5.454"/>
  <testcase classname="gov.nih.nci.TestSuiteProtocols" name="Test2verifyManageCurationPageTitleExists" time="4.684"/>
  <testcase classname="gov.nih.nci.TestSuiteProtocols" name="Test36VerifyTheAbilityToSubmitANewProtocolsAsACurator" time="4.199"/>
  <testcase classname="gov.nih.nci.TestSuiteProtocols" name="Test4verifyManageBatchDataAvailabilityLinkExists" time="3.881"/>
  <testcase classname="gov.nih.nci.TestSuiteProtocols" name="Test25ensureStrutsHasBeenRemovedFromPublicationSearchPage" time="4.971"/>
  <testcase classname="gov.nih.nci.TestSuiteProtocols" name="Test43VerifySampleSubmitPage" time="4.759"/>
  <testcase classname="gov.nih.nci.TestSuiteProtocols" name="Test6verifyCuratorUserCanViewMyWorksapce" time="4.384"/>
  <testcase classname="gov.nih.nci.TestSuiteProtocols" name="Test15verifyCuratorUserCanViewMyProtocolsFromMyWorkspacePage" time="5.633"/>
  <testcase classname="gov.nih.nci.TestSuiteProtocols" name="Test37VerifyTheAbilityToSubmitANewProtocolsAsAResearcher" time="4.681"/>
  <testcase classname="gov.nih.nci.TestSuiteProtocols" name="Test13verifyResearcherUserCanViewSamplesFromMyWorkspacePage" time="4.717"/>
  <testcase classname="gov.nih.nci.TestSuiteProtocols" name="Test44CuratorUserShouldBeAbleToAddSampleCriteriaWithSampleNameAndContainsFilterToTheAdvancedSampleSearch" time="4.9"/>
  <testcase classname="gov.nih.nci.TestSuiteProtocols" name="Test7verifyResearcherUserCanViewMyWorksapce" time="5.26"/>
  <testcase classname="gov.nih.nci.TestSuiteProtocols" name="Test30verifyThatAResearcherCanEditPublicationForPublicationThatUserHasUpdateOrEditAccess" time="4.649"/>
  <testcase classname="gov.nih.nci.TestSuiteProtocols" name="Test28verifyThatACuratorCanRemoveSampleFromPublication" time="5.671"/>
  <testcase classname="gov.nih.nci.TestSuiteProtocols" name="Test24ensureStrutsHasBeenRemovedFromManagePublicationPage" time="4.125"/>
  <testcase classname="gov.nih.nci.TestSuiteProtocols" name="Test46CuratorUserShouldBeAbleToPefromAdvancedSampleSearchBySampleCriteriaWithPointOfContactNameAndContainsFilter" time="5.248"/>
  <testcase classname="gov.nih.nci.TestSuiteProtocols" name="Test38EnsureStrutsHasBeenRemovedFromManageProtocolPage" time="4.934"/>
  <testcase classname="gov.nih.nci.TestSuiteProtocols" name="Test21verifyCuratorUserCanEditMyPublicationsFromMyWorkspacePage" time="4.644"/>
  <testcase classname="gov.nih.nci.TestSuiteProtocols" name="Test8verifyUserCanUncheckSamplesFromMyWorkspace" time="5.104"/>
  <testcase classname="gov.nih.nci.TestSuiteProtocols" name="Test51ResearcherUserShouldBeAbleToAddSampleCriteriaWithSampleNameAndContainsFilterToTheAdvancedSampleSearch" time="4.712"/>
  <testcase classname="gov.nih.nci.TestSuiteProtocols" name="Test19verifyCuratorUserCanViewMyPublicationsFromMyWorkspacePage" time="5.128"/>
  <testcase classname="gov.nih.nci.TestSuiteProtocols" name="Test33VerifyTheAbilityToAddANewSampleAsAResearcher" time="5.096"/>
  <testcase classname="gov.nih.nci.TestSuiteProtocols" name="Test48EnsureCuratorUserAbleToResetSampleCriteriaFromAdavancedSampleSearchPage" time="4.867"/>
  <testcase classname="gov.nih.nci.TestSuiteProtocols" name="Test3verifyReviewDataPendingReleaseToPublicLinkExists" time="4.395"/>
  <testcase classname="gov.nih.nci.TestSuiteProtocols" name="Test22verifyResearcherUserCanEditMyPublicationsFromMyWorkspacePage" time="4.848"/>
  <testcase classname="gov.nih.nci.TestSuiteProtocols" name="Test12verifyCuratorUserCanEditSamplesFromMyWorkspacePage" time="3.991"/>
  <testcase classname="gov.nih.nci.TestSuiteProtocols" name="Test47CuratorUserShouldBeAbleToPefromAdvancedSampleSearchBySampleCriteriaWithPointOfContactNameAndEqualsFilter" time="4.324"/>
  <testcase classname="gov.nih.nci.TestSuiteProtocols" name="Test41VerifyTheAbilityToSearchProtocolsAsACurator" time="4.494"/>
  <testcase classname="gov.nih.nci.TestSuiteProtocols" name="Test32VerifyTheAbilityToAddANewSampleAsACurator" time="4.797"/>
  <testcase classname="gov.nih.nci.TestSuiteProtocols" name="Test23ensureUsercanViewSamplesProtocolsAndPublicationsAndUseBackButtonFromViewPage" time="4.222"/>
  <testcase classname="gov.nih.nci.TestSuiteProtocols" name="Test5verifyUserAbleToSubmitGenerateDataAvailabilityForAllSamplesSearch" time="4.081"/>
  <testcase classname="gov.nih.nci.TestSuiteProtocols" name="Test10verifyUserCanUncheckPublicationsFromMyWorkspacePage" time="5.125"/>
  <testcase classname="gov.nih.nci.TestSuiteProtocols" name="Test31verifyThatACuratorCanEditPublication" time="5.094"/>
  <testcase classname="gov.nih.nci.TestSuiteProtocols" name="Test40EnsureStrutsHasBeenRemovedFromSearchExistingProtocolsPage" time="3.945"/>
  <testcase classname="gov.nih.nci.TestSuiteProtocols" name="Test14verifyResearcherUserCanEditSamplesFromMyWorkspacePage" time="4.493"/>
  <testcase classname="gov.nih.nci.TestSuiteProtocols" name="Test1ensureStrutsHasBeenRemovedFromManageBatchDataAvailabilityPage" time="4.987"/>
</testsuite>